<?xml version="1.0" encoding="UTF-8"?>
<!-- Generated by org.testng.reporters.JUnitXMLReporter -->
<testsuite ignored="0" hostname="DEC1128" failures="1" tests="19" name="Default test" time="192.26" errors="0" timestamp="2025-07-19T16:45:43 IST">
  <testcase classname="cucumberOptions.TestNGTestRunner" name="runScenario" time="6.382"/>
  <testcase classname="cucumberOptions.TestNGTestRunner" name="runScenario" time="7.116"/>
  <testcase classname="cucumberOptions.TestNGTestRunner" name="runScenario" time="9.823"/>
  <testcase classname="cucumberOptions.TestNGTestRunner" name="runScenario" time="11.015"/>
  <testcase classname="cucumberOptions.TestNGTestRunner" name="runScenario" time="40.015">
    <failure type="org.openqa.selenium.StaleElementReferenceException" message="stale element reference: stale element not found in the current frame
  (Session info: chrome=137.0.7151.69)
For documentation on this error, please visit: https://selenium.dev/exceptions/#stale_element_reference
Build info: version: &amp;apos;4.1.1&amp;apos;, revision: &amp;apos;e8fcc2cecf&amp;apos;
System info: host: &amp;apos;DEC1128&amp;apos;, ip: &amp;apos;10.0.0.195&amp;apos;, os.name: &amp;apos;Windows 10&amp;apos;, os.arch: &amp;apos;amd64&amp;apos;, os.version: &amp;apos;10.0&amp;apos;, java.version: &amp;apos;17.0.14&amp;apos;
Driver info: org.openqa.selenium.chrome.ChromeDriver
Command: [2dc7d175d8b44939b580713833da7eb4, executeScript {script=arguments[0].click();, args=[{ELEMENT=f.43C0FDF7D2584E31EF3F8B6DBE361F02.d.6AA4F3EE0F1A9059F5046578EB57F2C6.e.395, element-6066-11e4-a52e-4f735466cecf=f.43C0FDF7D2584E31EF3F8B6DBE361F02.d.6AA4F3EE0F1A9059F5046578EB57F2C6.e.395}]}]
Capabilities {acceptInsecureCerts: false, browserName: chrome, browserVersion: 137.0.7151.69, chrome: {chromedriverVersion: 137.0.7151.68 (2989ffee9373..., userDataDir: C:\Users\AKSHAY~1\AppData\L...}, fedcm:accounts: true, goog:chromeOptions: {debuggerAddress: localhost:61297}, javascriptEnabled: true, networkConnectionEnabled: false, pageLoadStrategy: normal, platform: WINDOWS, platformName: WINDOWS, proxy: Proxy(), se:cdp: ws://localhost:61297/devtoo..., se:cdpVersion: 137.0.7151.69, setWindowRect: true, strictFileInteractability: false, timeouts: {implicit: 0, pageLoad: 300000, script: 30000}, unhandledPromptBehavior: dismiss and notify, webauthn:extension:credBlob: true, webauthn:extension:largeBlob: true, webauthn:extension:minPinLength: true, webauthn:extension:prf: true, webauthn:virtualAuthenticators: true}
Session ID: 2dc7d175d8b44939b580713833da7eb4">
      <![CDATA[org.openqa.selenium.StaleElementReferenceException: stale element reference: stale element not found in the current frame
  (Session info: chrome=137.0.7151.69)
For documentation on this error, please visit: https://selenium.dev/exceptions/#stale_element_reference
Build info: version: '4.1.1', revision: 'e8fcc2cecf'
System info: host: 'DEC1128', ip: '10.0.0.195', os.name: 'Windows 10', os.arch: 'amd64', os.version: '10.0', java.version: '17.0.14'
Driver info: org.openqa.selenium.chrome.ChromeDriver
Command: [2dc7d175d8b44939b580713833da7eb4, executeScript {script=arguments[0].click();, args=[{ELEMENT=f.43C0FDF7D2584E31EF3F8B6DBE361F02.d.6AA4F3EE0F1A9059F5046578EB57F2C6.e.395, element-6066-11e4-a52e-4f735466cecf=f.43C0FDF7D2584E31EF3F8B6DBE361F02.d.6AA4F3EE0F1A9059F5046578EB57F2C6.e.395}]}]
Capabilities {acceptInsecureCerts: false, browserName: chrome, browserVersion: 137.0.7151.69, chrome: {chromedriverVersion: 137.0.7151.68 (2989ffee9373..., userDataDir: C:\Users\AKSHAY~1\AppData\L...}, fedcm:accounts: true, goog:chromeOptions: {debuggerAddress: localhost:61297}, javascriptEnabled: true, networkConnectionEnabled: false, pageLoadStrategy: normal, platform: WINDOWS, platformName: WINDOWS, proxy: Proxy(), se:cdp: ws://localhost:61297/devtoo..., se:cdpVersion: 137.0.7151.69, setWindowRect: true, strictFileInteractability: false, timeouts: {implicit: 0, pageLoad: 300000, script: 30000}, unhandledPromptBehavior: dismiss and notify, webauthn:extension:credBlob: true, webauthn:extension:largeBlob: true, webauthn:extension:minPinLength: true, webauthn:extension:prf: true, webauthn:virtualAuthenticators: true}
Session ID: 2dc7d175d8b44939b580713833da7eb4
at java.base/jdk.internal.reflect.NativeConstructorAccessorImpl.newInstance0(Native Method)
at java.base/jdk.internal.reflect.NativeConstructorAccessorImpl.newInstance(NativeConstructorAccessorImpl.java:77)
at java.base/jdk.internal.reflect.DelegatingConstructorAccessorImpl.newInstance(DelegatingConstructorAccessorImpl.java:45)
at java.base/java.lang.reflect.Constructor.newInstanceWithCaller(Constructor.java:499)
at java.base/java.lang.reflect.Constructor.newInstance(Constructor.java:480)
at org.openqa.selenium.remote.codec.w3c.W3CHttpResponseCodec.createException(W3CHttpResponseCodec.java:200)
at org.openqa.selenium.remote.codec.w3c.W3CHttpResponseCodec.decode(W3CHttpResponseCodec.java:133)
at org.openqa.selenium.remote.codec.w3c.W3CHttpResponseCodec.decode(W3CHttpResponseCodec.java:53)
at org.openqa.selenium.remote.HttpCommandExecutor.execute(HttpCommandExecutor.java:184)
at org.openqa.selenium.remote.service.DriverCommandExecutor.invokeExecute(DriverCommandExecutor.java:167)
at org.openqa.selenium.remote.service.DriverCommandExecutor.execute(DriverCommandExecutor.java:142)
at org.openqa.selenium.remote.RemoteWebDriver.execute(RemoteWebDriver.java:543)
at org.openqa.selenium.remote.RemoteWebDriver.executeScript(RemoteWebDriver.java:477)
at pageObjects.VBankConsentConfiguration.selectConsentType11(VBankConsentConfiguration.java:527)
at stepDefinitions.VBankPublishAppSD.the_user_fills_in_all_required_fields_on_the_consent_configuration_page_with_consent_notice_text_in_each_selected_language_using_rich_html(VBankPublishAppSD.java:248)
at ✽.the user fills in all required fields on the Consent Configuration page with consent notice text in each selected language using Rich HTML(file:///C:/Users/Akshay%20rajput/Downloads/CucumberFramework/CucumberFramework/src/test/java/features/VBankPublishApp.feature:22)
]]>
    </failure>
  </testcase> <!-- runScenario -->
  <testcase classname="cucumberOptions.TestNGTestRunner" name="runScenario" time="9.031"/>
  <testcase classname="cucumberOptions.TestNGTestRunner" name="runScenario" time="8.868"/>
  <testcase classname="cucumberOptions.TestNGTestRunner" name="runScenario" time="7.94"/>
  <testcase classname="cucumberOptions.TestNGTestRunner" name="runScenario" time="5.234"/>
  <testcase classname="cucumberOptions.TestNGTestRunner" name="runScenario" time="5.294"/>
  <testcase classname="cucumberOptions.TestNGTestRunner" name="runScenario" time="5.471"/>
  <testcase classname="cucumberOptions.TestNGTestRunner" name="runScenario" time="15.787"/>
  <testcase classname="cucumberOptions.TestNGTestRunner" name="runScenario" time="15.9"/>
  <testcase classname="cucumberOptions.TestNGTestRunner" name="runScenario" time="5.084"/>
  <testcase classname="cucumberOptions.TestNGTestRunner" name="runScenario" time="6.622"/>
  <testcase classname="cucumberOptions.TestNGTestRunner" name="runScenario" time="6.659"/>
  <testcase classname="cucumberOptions.TestNGTestRunner" name="runScenario" time="8.962"/>
  <testcase classname="cucumberOptions.TestNGTestRunner" name="runScenario" time="7.069"/>
  <testcase classname="cucumberOptions.TestNGTestRunner" name="runScenario" time="8.199"/>
</testsuite> <!-- Default test -->
