<?xml version="1.0" encoding="UTF-8"?>
<!-- Generated by org.testng.reporters.JUnitXMLReporter -->
<testsuite ignored="0" hostname="DEC1128" failures="2" tests="22" name="Default test" time="206.225" errors="0" timestamp="2025-07-20T00:26:31 IST">
  <testcase classname="cucumberOptions.TestNGTestRunner" name="runScenario" time="10.324"/>
  <testcase classname="cucumberOptions.TestNGTestRunner" name="runScenario" time="7.341"/>
  <testcase classname="cucumberOptions.TestNGTestRunner" name="runScenario" time="5.595"/>
  <testcase classname="cucumberOptions.TestNGTestRunner" name="runScenario" time="5.191"/>
  <testcase classname="cucumberOptions.TestNGTestRunner" name="runScenario" time="6.906"/>
  <testcase classname="cucumberOptions.TestNGTestRunner" name="runScenario" time="6.145"/>
  <testcase classname="cucumberOptions.TestNGTestRunner" name="runScenario" time="10.746"/>
  <testcase classname="cucumberOptions.TestNGTestRunner" name="runScenario" time="31.285">
    <failure type="org.openqa.selenium.StaleElementReferenceException" message="stale element reference: stale element not found in the current frame
  (Session info: chrome=137.0.7151.69)
For documentation on this error, please visit: https://selenium.dev/exceptions/#stale_element_reference
Build info: version: &amp;apos;4.1.1&amp;apos;, revision: &amp;apos;e8fcc2cecf&amp;apos;
System info: host: &amp;apos;DEC1128&amp;apos;, ip: &amp;apos;10.0.0.66&amp;apos;, os.name: &amp;apos;Windows 10&amp;apos;, os.arch: &amp;apos;amd64&amp;apos;, os.version: &amp;apos;10.0&amp;apos;, java.version: &amp;apos;17.0.14&amp;apos;
Driver info: org.openqa.selenium.chrome.ChromeDriver
Command: [2d5a543b19fff92d7fddec73e6158942, executeScript {script=arguments[0].click();, args=[{ELEMENT=f.F5D085BB593130A1E282651E0C9E3169.d.1C4CDD401BB8B3301314411A2835CAE5.e.317, element-6066-11e4-a52e-4f735466cecf=f.F5D085BB593130A1E282651E0C9E3169.d.1C4CDD401BB8B3301314411A2835CAE5.e.317}]}]
Capabilities {acceptInsecureCerts: false, browserName: chrome, browserVersion: 137.0.7151.69, chrome: {chromedriverVersion: 137.0.7151.68 (2989ffee9373..., userDataDir: C:\Users\AKSHAY~1\AppData\L...}, fedcm:accounts: true, goog:chromeOptions: {debuggerAddress: localhost:57576}, javascriptEnabled: true, networkConnectionEnabled: false, pageLoadStrategy: normal, platform: WINDOWS, platformName: WINDOWS, proxy: Proxy(), se:cdp: ws://localhost:57576/devtoo..., se:cdpVersion: 137.0.7151.69, setWindowRect: true, strictFileInteractability: false, timeouts: {implicit: 0, pageLoad: 300000, script: 30000}, unhandledPromptBehavior: dismiss and notify, webauthn:extension:credBlob: true, webauthn:extension:largeBlob: true, webauthn:extension:minPinLength: true, webauthn:extension:prf: true, webauthn:virtualAuthenticators: true}
Session ID: 2d5a543b19fff92d7fddec73e6158942">
      <![CDATA[org.openqa.selenium.StaleElementReferenceException: stale element reference: stale element not found in the current frame
  (Session info: chrome=137.0.7151.69)
For documentation on this error, please visit: https://selenium.dev/exceptions/#stale_element_reference
Build info: version: '4.1.1', revision: 'e8fcc2cecf'
System info: host: 'DEC1128', ip: '10.0.0.66', os.name: 'Windows 10', os.arch: 'amd64', os.version: '10.0', java.version: '17.0.14'
Driver info: org.openqa.selenium.chrome.ChromeDriver
Command: [2d5a543b19fff92d7fddec73e6158942, executeScript {script=arguments[0].click();, args=[{ELEMENT=f.F5D085BB593130A1E282651E0C9E3169.d.1C4CDD401BB8B3301314411A2835CAE5.e.317, element-6066-11e4-a52e-4f735466cecf=f.F5D085BB593130A1E282651E0C9E3169.d.1C4CDD401BB8B3301314411A2835CAE5.e.317}]}]
Capabilities {acceptInsecureCerts: false, browserName: chrome, browserVersion: 137.0.7151.69, chrome: {chromedriverVersion: 137.0.7151.68 (2989ffee9373..., userDataDir: C:\Users\AKSHAY~1\AppData\L...}, fedcm:accounts: true, goog:chromeOptions: {debuggerAddress: localhost:57576}, javascriptEnabled: true, networkConnectionEnabled: false, pageLoadStrategy: normal, platform: WINDOWS, platformName: WINDOWS, proxy: Proxy(), se:cdp: ws://localhost:57576/devtoo..., se:cdpVersion: 137.0.7151.69, setWindowRect: true, strictFileInteractability: false, timeouts: {implicit: 0, pageLoad: 300000, script: 30000}, unhandledPromptBehavior: dismiss and notify, webauthn:extension:credBlob: true, webauthn:extension:largeBlob: true, webauthn:extension:minPinLength: true, webauthn:extension:prf: true, webauthn:virtualAuthenticators: true}
Session ID: 2d5a543b19fff92d7fddec73e6158942
at java.base/jdk.internal.reflect.NativeConstructorAccessorImpl.newInstance0(Native Method)
at java.base/jdk.internal.reflect.NativeConstructorAccessorImpl.newInstance(NativeConstructorAccessorImpl.java:77)
at java.base/jdk.internal.reflect.DelegatingConstructorAccessorImpl.newInstance(DelegatingConstructorAccessorImpl.java:45)
at java.base/java.lang.reflect.Constructor.newInstanceWithCaller(Constructor.java:499)
at java.base/java.lang.reflect.Constructor.newInstance(Constructor.java:480)
at org.openqa.selenium.remote.codec.w3c.W3CHttpResponseCodec.createException(W3CHttpResponseCodec.java:200)
at org.openqa.selenium.remote.codec.w3c.W3CHttpResponseCodec.decode(W3CHttpResponseCodec.java:133)
at org.openqa.selenium.remote.codec.w3c.W3CHttpResponseCodec.decode(W3CHttpResponseCodec.java:53)
at org.openqa.selenium.remote.HttpCommandExecutor.execute(HttpCommandExecutor.java:184)
at org.openqa.selenium.remote.service.DriverCommandExecutor.invokeExecute(DriverCommandExecutor.java:167)
at org.openqa.selenium.remote.service.DriverCommandExecutor.execute(DriverCommandExecutor.java:142)
at org.openqa.selenium.remote.RemoteWebDriver.execute(RemoteWebDriver.java:543)
at org.openqa.selenium.remote.RemoteWebDriver.executeScript(RemoteWebDriver.java:477)
at pageObjects.VBankConsentConfiguration.selectConsentType6(VBankConsentConfiguration.java:398)
at stepDefinitions.VBankPublishAppSD.the_user_fills_in_all_required_fields_on_the_consent_configuration_page_with_consent_notice_text_in_each_selected_language_using_rich_html(VBankPublishAppSD.java:228)
at ✽.the user fills in all required fields on the Consent Configuration page with consent notice text in each selected language using Rich HTML(file:///C:/Users/Akshay%20rajput/Downloads/CucumberFramework/CucumberFramework/src/test/java/features/VBankPublishApp.feature:22)
]]>
    </failure>
  </testcase> <!-- runScenario -->
  <testcase classname="cucumberOptions.TestNGTestRunner" name="runScenario" time="8.283"/>
  <testcase classname="cucumberOptions.TestNGTestRunner" name="runScenario" time="8.172"/>
  <testcase classname="cucumberOptions.TestNGTestRunner" name="runScenario" time="5.633"/>
  <testcase classname="cucumberOptions.TestNGTestRunner" name="runScenario" time="5.076"/>
  <testcase classname="cucumberOptions.TestNGTestRunner" name="runScenario" time="18.532">
    <failure type="org.openqa.selenium.NoSuchElementException" message="no such element: Unable to locate element: {&amp;quot;method&amp;quot;:&amp;quot;xpath&amp;quot;,&amp;quot;selector&amp;quot;:&amp;quot;//button[.//span[contains(text(), &amp;apos;Login&amp;apos;)]]&amp;quot;}
  (Session info: chrome=137.0.7151.69)
For documentation on this error, please visit: https://selenium.dev/exceptions/#no_such_element
Build info: version: &amp;apos;4.1.1&amp;apos;, revision: &amp;apos;e8fcc2cecf&amp;apos;
System info: host: &amp;apos;DEC1128&amp;apos;, ip: &amp;apos;10.0.0.66&amp;apos;, os.name: &amp;apos;Windows 10&amp;apos;, os.arch: &amp;apos;amd64&amp;apos;, os.version: &amp;apos;10.0&amp;apos;, java.version: &amp;apos;17.0.14&amp;apos;
Driver info: org.openqa.selenium.chrome.ChromeDriver
Command: [47bc40ac4dbce88996895a5f600d8e70, findElement {using=xpath, value=//button[.//span[contains(text(), &amp;apos;Login&amp;apos;)]]}]
Capabilities {acceptInsecureCerts: false, browserName: chrome, browserVersion: 137.0.7151.69, chrome: {chromedriverVersion: 137.0.7151.68 (2989ffee9373..., userDataDir: C:\Users\AKSHAY~1\AppData\L...}, fedcm:accounts: true, goog:chromeOptions: {debuggerAddress: localhost:57831}, javascriptEnabled: true, networkConnectionEnabled: false, pageLoadStrategy: normal, platform: WINDOWS, platformName: WINDOWS, proxy: Proxy(), se:cdp: ws://localhost:57831/devtoo..., se:cdpVersion: 137.0.7151.69, setWindowRect: true, strictFileInteractability: false, timeouts: {implicit: 0, pageLoad: 300000, script: 30000}, unhandledPromptBehavior: dismiss and notify, webauthn:extension:credBlob: true, webauthn:extension:largeBlob: true, webauthn:extension:minPinLength: true, webauthn:extension:prf: true, webauthn:virtualAuthenticators: true}
Session ID: 47bc40ac4dbce88996895a5f600d8e70">
      <![CDATA[org.openqa.selenium.NoSuchElementException: no such element: Unable to locate element: {"method":"xpath","selector":"//button[.//span[contains(text(), 'Login')]]"}
  (Session info: chrome=137.0.7151.69)
For documentation on this error, please visit: https://selenium.dev/exceptions/#no_such_element
Build info: version: '4.1.1', revision: 'e8fcc2cecf'
System info: host: 'DEC1128', ip: '10.0.0.66', os.name: 'Windows 10', os.arch: 'amd64', os.version: '10.0', java.version: '17.0.14'
Driver info: org.openqa.selenium.chrome.ChromeDriver
Command: [47bc40ac4dbce88996895a5f600d8e70, findElement {using=xpath, value=//button[.//span[contains(text(), 'Login')]]}]
Capabilities {acceptInsecureCerts: false, browserName: chrome, browserVersion: 137.0.7151.69, chrome: {chromedriverVersion: 137.0.7151.68 (2989ffee9373..., userDataDir: C:\Users\AKSHAY~1\AppData\L...}, fedcm:accounts: true, goog:chromeOptions: {debuggerAddress: localhost:57831}, javascriptEnabled: true, networkConnectionEnabled: false, pageLoadStrategy: normal, platform: WINDOWS, platformName: WINDOWS, proxy: Proxy(), se:cdp: ws://localhost:57831/devtoo..., se:cdpVersion: 137.0.7151.69, setWindowRect: true, strictFileInteractability: false, timeouts: {implicit: 0, pageLoad: 300000, script: 30000}, unhandledPromptBehavior: dismiss and notify, webauthn:extension:credBlob: true, webauthn:extension:largeBlob: true, webauthn:extension:minPinLength: true, webauthn:extension:prf: true, webauthn:virtualAuthenticators: true}
Session ID: 47bc40ac4dbce88996895a5f600d8e70
at java.base/jdk.internal.reflect.NativeConstructorAccessorImpl.newInstance0(Native Method)
at java.base/jdk.internal.reflect.NativeConstructorAccessorImpl.newInstance(NativeConstructorAccessorImpl.java:77)
at java.base/jdk.internal.reflect.DelegatingConstructorAccessorImpl.newInstance(DelegatingConstructorAccessorImpl.java:45)
at java.base/java.lang.reflect.Constructor.newInstanceWithCaller(Constructor.java:499)
at java.base/java.lang.reflect.Constructor.newInstance(Constructor.java:480)
at org.openqa.selenium.remote.codec.w3c.W3CHttpResponseCodec.createException(W3CHttpResponseCodec.java:200)
at org.openqa.selenium.remote.codec.w3c.W3CHttpResponseCodec.decode(W3CHttpResponseCodec.java:133)
at org.openqa.selenium.remote.codec.w3c.W3CHttpResponseCodec.decode(W3CHttpResponseCodec.java:53)
at org.openqa.selenium.remote.HttpCommandExecutor.execute(HttpCommandExecutor.java:184)
at org.openqa.selenium.remote.service.DriverCommandExecutor.invokeExecute(DriverCommandExecutor.java:167)
at org.openqa.selenium.remote.service.DriverCommandExecutor.execute(DriverCommandExecutor.java:142)
at org.openqa.selenium.remote.RemoteWebDriver.execute(RemoteWebDriver.java:543)
at org.openqa.selenium.remote.ElementLocation$ElementFinder$2.findElement(ElementLocation.java:162)
at org.openqa.selenium.remote.ElementLocation.findElement(ElementLocation.java:60)
at org.openqa.selenium.remote.RemoteWebDriver.findElement(RemoteWebDriver.java:367)
at org.openqa.selenium.remote.RemoteWebDriver.findElement(RemoteWebDriver.java:359)
at pageObjects.VHubLandingPage.login_SignUp_Button(VHubLandingPage.java:118)
at utils.TestBase.WebDriverManager(TestBase.java:76)
at utils.TestContextSetup.<init>(TestContextSetup.java:23)
at java.base/jdk.internal.reflect.NativeConstructorAccessorImpl.newInstance0(Native Method)
at java.base/jdk.internal.reflect.NativeConstructorAccessorImpl.newInstance(NativeConstructorAccessorImpl.java:77)
at java.base/jdk.internal.reflect.DelegatingConstructorAccessorImpl.newInstance(DelegatingConstructorAccessorImpl.java:45)
at java.base/java.lang.reflect.Constructor.newInstanceWithCaller(Constructor.java:499)
at java.base/java.lang.reflect.Constructor.newInstance(Constructor.java:480)
at org.picocontainer.injectors.AbstractInjector.newInstance(AbstractInjector.java:145)
at org.picocontainer.injectors.ConstructorInjector$1.run(ConstructorInjector.java:342)
at org.picocontainer.injectors.AbstractInjector$ThreadLocalCyclicDependencyGuard.observe(AbstractInjector.java:270)
at org.picocontainer.injectors.ConstructorInjector.getComponentInstance(ConstructorInjector.java:364)
at org.picocontainer.injectors.AbstractInjectionFactory$LifecycleAdapter.getComponentInstance(AbstractInjectionFactory.java:56)
at org.picocontainer.behaviors.AbstractBehavior.getComponentInstance(AbstractBehavior.java:64)
at org.picocontainer.behaviors.Stored.getComponentInstance(Stored.java:91)
at org.picocontainer.DefaultPicoContainer.getInstance(DefaultPicoContainer.java:699)
at org.picocontainer.DefaultPicoContainer.getComponent(DefaultPicoContainer.java:647)
at org.picocontainer.DefaultPicoContainer.getComponent(DefaultPicoContainer.java:632)
at org.picocontainer.parameters.BasicComponentParameter$1.resolveInstance(BasicComponentParameter.java:118)
at org.picocontainer.parameters.ComponentParameter$1.resolveInstance(ComponentParameter.java:136)
at org.picocontainer.injectors.SingleMemberInjector.getParameter(SingleMemberInjector.java:78)
at org.picocontainer.injectors.ConstructorInjector$CtorAndAdapters.getParameterArguments(ConstructorInjector.java:309)
at org.picocontainer.injectors.ConstructorInjector$1.run(ConstructorInjector.java:335)
at org.picocontainer.injectors.AbstractInjector$ThreadLocalCyclicDependencyGuard.observe(AbstractInjector.java:270)
at org.picocontainer.injectors.ConstructorInjector.getComponentInstance(ConstructorInjector.java:364)
at org.picocontainer.injectors.AbstractInjectionFactory$LifecycleAdapter.getComponentInstance(AbstractInjectionFactory.java:56)
at org.picocontainer.behaviors.AbstractBehavior.getComponentInstance(AbstractBehavior.java:64)
at org.picocontainer.behaviors.Stored.getComponentInstance(Stored.java:91)
at org.picocontainer.DefaultPicoContainer.getInstance(DefaultPicoContainer.java:699)
at org.picocontainer.DefaultPicoContainer.getComponent(DefaultPicoContainer.java:647)
at org.picocontainer.DefaultPicoContainer.getComponent(DefaultPicoContainer.java:678)
at io.cucumber.picocontainer.PicoFactory.getInstance(PicoFactory.java:49)
at io.cucumber.java.AbstractGlueDefinition.invokeMethod(AbstractGlueDefinition.java:47)
at io.cucumber.java.JavaStepDefinition.execute(JavaStepDefinition.java:29)
at io.cucumber.core.runner.CoreStepDefinition.execute(CoreStepDefinition.java:66)
at io.cucumber.core.runner.PickleStepDefinitionMatch.runStep(PickleStepDefinitionMatch.java:63)
at io.cucumber.core.runner.ExecutionMode$1.execute(ExecutionMode.java:10)
at io.cucumber.core.runner.TestStep.executeStep(TestStep.java:86)
at io.cucumber.core.runner.TestStep.run(TestStep.java:57)
at io.cucumber.core.runner.PickleStepTestStep.run(PickleStepTestStep.java:51)
at io.cucumber.core.runner.TestCase.run(TestCase.java:95)
at io.cucumber.core.runner.Runner.runPickle(Runner.java:75)
at io.cucumber.testng.TestNGCucumberRunner.lambda$runScenario$1(TestNGCucumberRunner.java:132)
at io.cucumber.core.runtime.CucumberExecutionContext.lambda$runTestCase$3(CucumberExecutionContext.java:151)
at io.cucumber.core.runtime.RethrowingThrowableCollector.executeAndThrow(RethrowingThrowableCollector.java:23)
at io.cucumber.core.runtime.CucumberExecutionContext.runTestCase(CucumberExecutionContext.java:151)
at io.cucumber.testng.TestNGCucumberRunner.runScenario(TestNGCucumberRunner.java:129)
at io.cucumber.testng.AbstractTestNGCucumberTests.runScenario(AbstractTestNGCucumberTests.java:35)
at cucumberOptions.TestNGTestRunner.runScenario(TestNGTestRunner.java:42)
at java.base/jdk.internal.reflect.NativeMethodAccessorImpl.invoke0(Native Method)
at java.base/jdk.internal.reflect.NativeMethodAccessorImpl.invoke(NativeMethodAccessorImpl.java:77)
at java.base/jdk.internal.reflect.DelegatingMethodAccessorImpl.invoke(DelegatingMethodAccessorImpl.java:43)
at java.base/java.lang.reflect.Method.invoke(Method.java:568)
at org.testng.internal.MethodInvocationHelper.invokeMethod(MethodInvocationHelper.java:133)
at org.testng.internal.TestInvoker.invokeMethod(TestInvoker.java:598)
at org.testng.internal.TestInvoker.invokeTestMethod(TestInvoker.java:173)
at org.testng.internal.MethodRunner.runInSequence(MethodRunner.java:46)
at org.testng.internal.TestInvoker$MethodInvocationAgent.invoke(TestInvoker.java:824)
at org.testng.internal.TestInvoker.invokeTestMethods(TestInvoker.java:146)
at org.testng.internal.TestMethodWorker.invokeTestMethods(TestMethodWorker.java:146)
at org.testng.internal.TestMethodWorker.run(TestMethodWorker.java:128)
at java.base/java.util.ArrayList.forEach(ArrayList.java:1511)
at org.testng.TestRunner.privateRun(TestRunner.java:794)
at org.testng.TestRunner.run(TestRunner.java:596)
at org.testng.SuiteRunner.runTest(SuiteRunner.java:377)
at org.testng.SuiteRunner.runSequentially(SuiteRunner.java:371)
at org.testng.SuiteRunner.privateRun(SuiteRunner.java:332)
at org.testng.SuiteRunner.run(SuiteRunner.java:276)
at org.testng.SuiteRunnerWorker.runSuite(SuiteRunnerWorker.java:53)
at org.testng.SuiteRunnerWorker.run(SuiteRunnerWorker.java:96)
at org.testng.TestNG.runSuitesSequentially(TestNG.java:1212)
at org.testng.TestNG.runSuitesLocally(TestNG.java:1134)
at org.testng.TestNG.runSuites(TestNG.java:1063)
at org.testng.TestNG.run(TestNG.java:1031)
at org.testng.remote.AbstractRemoteTestNG.run(AbstractRemoteTestNG.java:115)
at org.testng.remote.RemoteTestNG.initAndRun(RemoteTestNG.java:293)
at org.testng.remote.RemoteTestNG.main(RemoteTestNG.java:91)
]]>
    </failure>
  </testcase> <!-- runScenario -->
  <testcase classname="cucumberOptions.TestNGTestRunner" name="runScenario" time="5.137"/>
  <testcase classname="cucumberOptions.TestNGTestRunner" name="runScenario" time="16.333"/>
  <testcase classname="cucumberOptions.TestNGTestRunner" name="runScenario" time="15.148"/>
  <testcase classname="cucumberOptions.TestNGTestRunner" name="runScenario" time="5.075"/>
  <testcase classname="cucumberOptions.TestNGTestRunner" name="runScenario" time="6.057"/>
  <testcase classname="cucumberOptions.TestNGTestRunner" name="runScenario" time="6.391"/>
  <testcase classname="cucumberOptions.TestNGTestRunner" name="runScenario" time="7.245"/>
  <testcase classname="cucumberOptions.TestNGTestRunner" name="runScenario" time="5.717"/>
  <testcase classname="cucumberOptions.TestNGTestRunner" name="runScenario" time="7.74"/>
</testsuite> <!-- Default test -->
