<?xml version="1.0" encoding="UTF-8"?>
<!-- Generated by org.testng.reporters.JUnitReportReporter -->
<testsuite hostname="DEC1128" failures="1" tests="10" name="cucumberOptions.TestNGTestRunner" time="228.854" errors="0" timestamp="2025-07-09T11:34:39 IST" skipped="0">
  <testcase classname="cucumberOptions.TestNGTestRunner" name="runScenario" time="10.180"/>
  <system-out/>
  <testcase classname="cucumberOptions.TestNGTestRunner" name="runScenario" time="9.194"/>
  <system-out/>
  <testcase classname="cucumberOptions.TestNGTestRunner" name="runScenario" time="8.647"/>
  <system-out/>
  <testcase classname="cucumberOptions.TestNGTestRunner" name="runScenario" time="20.929">
    <failure message="Incorrect Runtime URL expected [https://decimal-vhub.vahanacloud.xyz/] but found [https://hubengine-cug.vahanacloud.xyz/login]" type="java.lang.AssertionError">
      <![CDATA[java.lang.AssertionError: Incorrect Runtime URL expected [https://decimal-vhub.vahanacloud.xyz/] but found [https://hubengine-cug.vahanacloud.xyz/login]
at org.testng.Assert.fail(Assert.java:99)
at org.testng.Assert.failNotEquals(Assert.java:1037)
at org.testng.Assert.assertEqualsImpl(Assert.java:140)
at org.testng.Assert.assertEquals(Assert.java:122)
at org.testng.Assert.assertEquals(Assert.java:629)
at pageObjects.VBankLandingPage.verifyRuntimeUrl(VBankLandingPage.java:50)
at stepDefinitions.VBankRunTimeSD.the_system_should_redirect_the_user_to_the_runtime_environment(VBankRunTimeSD.java:66)
at ✽.the system should redirect the user to the Runtime environment(file:///C:/Users/Akshay%20rajput/Downloads/CucumberFramework/CucumberFramework/src/test/java/features/VBankRunTime.feature:8)
]]>
    </failure>
  </testcase> <!-- runScenario -->
  <system-out/>
  <testcase classname="cucumberOptions.TestNGTestRunner" name="runScenario" time="12.189"/>
  <system-out/>
  <testcase classname="cucumberOptions.TestNGTestRunner" name="runScenario" time="100.581"/>
  <system-out/>
  <testcase classname="cucumberOptions.TestNGTestRunner" name="runScenario" time="27.863"/>
  <system-out/>
  <testcase classname="cucumberOptions.TestNGTestRunner" name="runScenario" time="8.399"/>
  <system-out/>
  <testcase classname="cucumberOptions.TestNGTestRunner" name="runScenario" time="21.170"/>
  <system-out/>
  <testcase classname="cucumberOptions.TestNGTestRunner" name="runScenario" time="9.702"/>
  <system-out/>
</testsuite> <!-- cucumberOptions.TestNGTestRunner -->
