<?xml version="1.0" encoding="UTF-8"?>
<!-- Generated by org.testng.reporters.JUnitReportReporter -->
<testsuite hostname="DEC1128" failures="1" tests="2" name="cucumberOptions.FailedTestRunner" time="31.285" errors="0" timestamp="2025-07-27T21:22:59 IST" skipped="0">
  <testcase classname="cucumberOptions.FailedTestRunner" name="runScenario" time="21.844">
    <failure message="Exception occurred while processing Explore Assets or Live Status logic: Expected condition failed: waiting for visibility of element located by By.xpath: //div[@class=&#039;popup-header&#039;]/h5[normalize-space()=&#039;Request Submitted&#039;] (tried for 5 second(s) with 500 milliseconds interval)
Build info: version: &#039;4.1.1&#039;, revision: &#039;e8fcc2cecf&#039;
System info: host: &#039;DEC1128&#039;, ip: &#039;192.168.0.114&#039;, os.name: &#039;Windows 10&#039;, os.arch: &#039;amd64&#039;, os.version: &#039;10.0&#039;, java.version: &#039;17.0.14&#039;
Driver info: org.openqa.selenium.chrome.ChromeDriver
Capabilities {acceptInsecureCerts: false, browserName: chrome, browserVersion: 137.0.7151.69, chrome: {chromedriverVersion: 137.0.7151.68 (2989ffee9373..., userDataDir: C:\Users\AKSHAY~1\AppData\L...}, fedcm:accounts: true, goog:chromeOptions: {debuggerAddress: localhost:55087}, javascriptEnabled: true, networkConnectionEnabled: false, pageLoadStrategy: normal, platform: WINDOWS, platformName: WINDOWS, proxy: Proxy(), se:cdp: ws://localhost:55087/devtoo..., se:cdpVersion: 137.0.7151.69, setWindowRect: true, strictFileInteractability: false, timeouts: {implicit: 0, pageLoad: 300000, script: 30000}, unhandledPromptBehavior: dismiss and notify, webauthn:extension:credBlob: true, webauthn:extension:largeBlob: true, webauthn:extension:minPinLength: true, webauthn:extension:prf: true, webauthn:virtualAuthenticators: true}
Session ID: fb728d981700284e72bbdd109174b4af" type="java.lang.AssertionError">
      <![CDATA[java.lang.AssertionError: Exception occurred while processing Explore Assets or Live Status logic: Expected condition failed: waiting for visibility of element located by By.xpath: //div[@class='popup-header']/h5[normalize-space()='Request Submitted'] (tried for 5 second(s) with 500 milliseconds interval)
Build info: version: '4.1.1', revision: 'e8fcc2cecf'
System info: host: 'DEC1128', ip: '192.168.0.114', os.name: 'Windows 10', os.arch: 'amd64', os.version: '10.0', java.version: '17.0.14'
Driver info: org.openqa.selenium.chrome.ChromeDriver
Capabilities {acceptInsecureCerts: false, browserName: chrome, browserVersion: 137.0.7151.69, chrome: {chromedriverVersion: 137.0.7151.68 (2989ffee9373..., userDataDir: C:\Users\AKSHAY~1\AppData\L...}, fedcm:accounts: true, goog:chromeOptions: {debuggerAddress: localhost:55087}, javascriptEnabled: true, networkConnectionEnabled: false, pageLoadStrategy: normal, platform: WINDOWS, platformName: WINDOWS, proxy: Proxy(), se:cdp: ws://localhost:55087/devtoo..., se:cdpVersion: 137.0.7151.69, setWindowRect: true, strictFileInteractability: false, timeouts: {implicit: 0, pageLoad: 300000, script: 30000}, unhandledPromptBehavior: dismiss and notify, webauthn:extension:credBlob: true, webauthn:extension:largeBlob: true, webauthn:extension:minPinLength: true, webauthn:extension:prf: true, webauthn:virtualAuthenticators: true}
Session ID: fb728d981700284e72bbdd109174b4af
at org.testng.Assert.fail(Assert.java:99)
at pageObjects.VHubMySubscriptions.clickOnCreditExpiredRequestCredit(VHubMySubscriptions.java:1069)
at stepDefinitions.VHubMySubscriptionsSD.the_user_applies_the_credit_expired_filter_and_submits_a_request_for_credits(VHubMySubscriptionsSD.java:105)
at ✽.the user applies the Credit Expired filter and submits a Request for Credits(file:///C:/Users/Akshay%20rajput/Downloads/CucumberFramework/CucumberFramework/src/test/java/features/VHubMySubscriptions.feature:57)
]]>
    </failure>
  </testcase> <!-- runScenario -->
  <system-out/>
  <testcase classname="cucumberOptions.FailedTestRunner" name="runScenario" time="9.441"/>
  <system-out/>
</testsuite> <!-- cucumberOptions.FailedTestRunner -->
