<?xml version="1.0" encoding="UTF-8"?>
<testng-results ignored="0" total="1" passed="1" failed="0" skipped="0">
  <reporter-output>
  </reporter-output>
  <suite started-at="2025-07-24T18:00:49 IST" name="Default suite" finished-at="2025-07-24T18:01:06 IST" duration-ms="17389">
    <groups>
    </groups>
    <test started-at="2025-07-24T18:00:49 IST" name="Default test" finished-at="2025-07-24T18:01:06 IST" duration-ms="17389">
      <class name="cucumberOptions.TestNGTestRunner">
        <test-method is-config="true" signature="setUpClass(org.testng.ITestContext)[pri:0, instance:cucumberOptions.TestNGTestRunner@36fc695d]" started-at="2025-07-24T18:00:49 IST" name="setUpClass" finished-at="2025-07-24T18:00:50 IST" duration-ms="1757" status="PASS">
          <params>
            <param index="0">
              <value>
                <![CDATA[org.testng.TestRunner@27bc1d44]]>
              </value>
            </param>
          </params>
          <reporter-output>
          </reporter-output>
        </test-method> <!-- setUpClass -->
        <test-method signature="runScenario(io.cucumber.testng.PickleWrapper,io.cucumber.testng.FeatureWrapper)[pri:0, instance:cucumberOptions.TestNGTestRunner@36fc695d]" started-at="2025-07-24T18:00:51 IST" name="runScenario" data-provider="scenarios" finished-at="2025-07-24T18:01:05 IST" duration-ms="14881" status="PASS">
          <params>
            <param index="0">
              <value>
                <![CDATA["Verify Fill all required fields and publish the app to Sandbox."]]>
              </value>
            </param>
            <param index="1">
              <value>
                <![CDATA["Optional[Verify Publish app to Sandbox successfully.]"]]>
              </value>
            </param>
          </params>
          <reporter-output>
          </reporter-output>
        </test-method> <!-- runScenario -->
        <test-method is-config="true" signature="tearDownClass()[pri:0, instance:cucumberOptions.TestNGTestRunner@36fc695d]" started-at="2025-07-24T18:01:05 IST" name="tearDownClass" finished-at="2025-07-24T18:01:06 IST" duration-ms="704" status="PASS">
          <reporter-output>
          </reporter-output>
        </test-method> <!-- tearDownClass -->
      </class> <!-- cucumberOptions.TestNGTestRunner -->
    </test> <!-- Default test -->
  </suite> <!-- Default suite -->
</testng-results>
