<?xml version="1.0" encoding="UTF-8"?>
<testng-results ignored="0" total="47" passed="44" failed="3" skipped="0">
  <reporter-output>
  </reporter-output>
  <suite started-at="2025-07-28T00:54:04 IST" name="Default suite" finished-at="2025-07-28T01:03:21 IST" duration-ms="557750">
    <groups>
    </groups>
    <test started-at="2025-07-28T00:54:04 IST" name="Default test" finished-at="2025-07-28T01:03:21 IST" duration-ms="557750">
      <class name="cucumberOptions.TestNGTestRunner">
        <test-method is-config="true" signature="setUpClass(org.testng.ITestContext)[pri:0, instance:cucumberOptions.TestNGTestRunner@36fc695d]" started-at="2025-07-28T00:54:04 IST" name="setUpClass" finished-at="2025-07-28T00:54:05 IST" duration-ms="1188" status="PASS">
          <params>
            <param index="0">
              <value>
                <![CDATA[org.testng.TestRunner@1a59bea8]]>
              </value>
            </param>
          </params>
          <reporter-output>
          </reporter-output>
        </test-method> <!-- setUpClass -->
        <test-method signature="runScenario(io.cucumber.testng.PickleWrapper,io.cucumber.testng.FeatureWrapper)[pri:0, instance:cucumberOptions.TestNGTestRunner@36fc695d]" started-at="2025-07-28T00:54:05 IST" name="runScenario" data-provider="scenarios" finished-at="2025-07-28T00:54:13 IST" duration-ms="8239" status="PASS">
          <params>
            <param index="0">
              <value>
                <![CDATA["User navigates through all tabs on the API Asset Detail page"]]>
              </value>
            </param>
            <param index="1">
              <value>
                <![CDATA["Optional[API Asset Detail Page - Tab Navigation]"]]>
              </value>
            </param>
          </params>
          <reporter-output>
          </reporter-output>
        </test-method> <!-- runScenario -->
        <test-method signature="runScenario(io.cucumber.testng.PickleWrapper,io.cucumber.testng.FeatureWrapper)[pri:0, instance:cucumberOptions.TestNGTestRunner@36fc695d]" started-at="2025-07-28T00:54:13 IST" name="runScenario" data-provider="scenarios" finished-at="2025-07-28T00:54:18 IST" duration-ms="5011" status="PASS">
          <params>
            <param index="0">
              <value>
                <![CDATA["Verify that the user can successfully subscribe to an API by swagger"]]>
              </value>
            </param>
            <param index="1">
              <value>
                <![CDATA["Optional[API Subscription Functionality]"]]>
              </value>
            </param>
          </params>
          <reporter-output>
          </reporter-output>
        </test-method> <!-- runScenario -->
        <test-method signature="runScenario(io.cucumber.testng.PickleWrapper,io.cucumber.testng.FeatureWrapper)[pri:0, instance:cucumberOptions.TestNGTestRunner@36fc695d]" started-at="2025-07-28T00:54:18 IST" name="runScenario" data-provider="scenarios" finished-at="2025-07-28T00:54:23 IST" duration-ms="4731" status="PASS">
          <params>
            <param index="0">
              <value>
                <![CDATA["Verify that the user can successfully subscribe to an API by Postman"]]>
              </value>
            </param>
            <param index="1">
              <value>
                <![CDATA["Optional[API Subscription Functionality]"]]>
              </value>
            </param>
          </params>
          <reporter-output>
          </reporter-output>
        </test-method> <!-- runScenario -->
        <test-method signature="runScenario(io.cucumber.testng.PickleWrapper,io.cucumber.testng.FeatureWrapper)[pri:0, instance:cucumberOptions.TestNGTestRunner@36fc695d]" started-at="2025-07-28T00:54:23 IST" name="runScenario" data-provider="scenarios" finished-at="2025-07-28T00:54:28 IST" duration-ms="5112" status="PASS">
          <params>
            <param index="0">
              <value>
                <![CDATA["User successfully logs out from vHub"]]>
              </value>
            </param>
            <param index="1">
              <value>
                <![CDATA["Optional[Verify user logout functionality from vHub and vBank]"]]>
              </value>
            </param>
          </params>
          <reporter-output>
          </reporter-output>
        </test-method> <!-- runScenario -->
        <test-method signature="runScenario(io.cucumber.testng.PickleWrapper,io.cucumber.testng.FeatureWrapper)[pri:0, instance:cucumberOptions.TestNGTestRunner@36fc695d]" started-at="2025-07-28T00:54:28 IST" name="runScenario" data-provider="scenarios" finished-at="2025-07-28T00:54:35 IST" duration-ms="7461" status="PASS">
          <params>
            <param index="0">
              <value>
                <![CDATA["User successfully logs out from vBank"]]>
              </value>
            </param>
            <param index="1">
              <value>
                <![CDATA["Optional[Verify user logout functionality from vHub and vBank]"]]>
              </value>
            </param>
          </params>
          <reporter-output>
          </reporter-output>
        </test-method> <!-- runScenario -->
        <test-method signature="runScenario(io.cucumber.testng.PickleWrapper,io.cucumber.testng.FeatureWrapper)[pri:0, instance:cucumberOptions.TestNGTestRunner@36fc695d]" started-at="2025-07-28T00:54:35 IST" name="runScenario" data-provider="scenarios" finished-at="2025-07-28T00:54:54 IST" duration-ms="18474" status="PASS">
          <params>
            <param index="0">
              <value>
                <![CDATA["User should be able to download Postman JSON from the Asset Detail page"]]>
              </value>
            </param>
            <param index="1">
              <value>
                <![CDATA["Optional[API Asset Detail - Postman Collection Download]"]]>
              </value>
            </param>
          </params>
          <reporter-output>
          </reporter-output>
        </test-method> <!-- runScenario -->
        <test-method signature="runScenario(io.cucumber.testng.PickleWrapper,io.cucumber.testng.FeatureWrapper)[pri:0, instance:cucumberOptions.TestNGTestRunner@36fc695d]" started-at="2025-07-28T00:54:54 IST" name="runScenario" data-provider="scenarios" finished-at="2025-07-28T00:55:00 IST" duration-ms="6457" status="PASS">
          <params>
            <param index="0">
              <value>
                <![CDATA["Veirfy Successfully navigate to vBank Landing Page after login"]]>
              </value>
            </param>
            <param index="1">
              <value>
                <![CDATA["Optional[Verify navigate to vBank Landing Page successfully.]"]]>
              </value>
            </param>
          </params>
          <reporter-output>
          </reporter-output>
        </test-method> <!-- runScenario -->
        <test-method signature="runScenario(io.cucumber.testng.PickleWrapper,io.cucumber.testng.FeatureWrapper)[pri:0, instance:cucumberOptions.TestNGTestRunner@36fc695d]" started-at="2025-07-28T00:55:00 IST" name="runScenario" data-provider="scenarios" finished-at="2025-07-28T00:55:07 IST" duration-ms="7182" status="FAIL">
          <params>
            <param index="0">
              <value>
                <![CDATA["Verify Fill all required fields and publish the app to Sandbox."]]>
              </value>
            </param>
            <param index="1">
              <value>
                <![CDATA["Optional[Verify Publish app to Sandbox successfully.]"]]>
              </value>
            </param>
          </params>
          <exception class="org.openqa.selenium.ElementNotInteractableException">
            <message>
              <![CDATA[element not interactable
  (Session info: chrome=137.0.7151.69)
Build info: version: '4.1.1', revision: 'e8fcc2cecf'
System info: host: 'DEC1128', ip: '192.168.0.20', os.name: 'Windows 10', os.arch: 'amd64', os.version: '10.0', java.version: '17.0.14'
Driver info: org.openqa.selenium.chrome.ChromeDriver
Command: [a6881e75829d0a38f796ede56ffa1837, sendKeysToElement {id=f.394473ED73F70EFB341D7C8D5BF1D433.d.070512B6967B0691E8B658215F79BBC1.e.153, value=[Ljava.lang.CharSequence;@2a11ae0b}]
Capabilities {acceptInsecureCerts: false, browserName: chrome, browserVersion: 137.0.7151.69, chrome: {chromedriverVersion: 137.0.7151.68 (2989ffee9373..., userDataDir: C:\Users\AKSHAY~1\AppData\L...}, fedcm:accounts: true, goog:chromeOptions: {debuggerAddress: localhost:49613}, javascriptEnabled: true, networkConnectionEnabled: false, pageLoadStrategy: normal, platform: WINDOWS, platformName: WINDOWS, proxy: Proxy(), se:cdp: ws://localhost:49613/devtoo..., se:cdpVersion: 137.0.7151.69, setWindowRect: true, strictFileInteractability: false, timeouts: {implicit: 0, pageLoad: 300000, script: 30000}, unhandledPromptBehavior: dismiss and notify, webauthn:extension:credBlob: true, webauthn:extension:largeBlob: true, webauthn:extension:minPinLength: true, webauthn:extension:prf: true, webauthn:virtualAuthenticators: true}
Element: [org.openqa.selenium.remote.RemoteWebElement@20390a46 -> unknown locator]
Session ID: a6881e75829d0a38f796ede56ffa1837]]>
            </message>
            <full-stacktrace>
              <![CDATA[org.openqa.selenium.ElementNotInteractableException: element not interactable
  (Session info: chrome=137.0.7151.69)
Build info: version: '4.1.1', revision: 'e8fcc2cecf'
System info: host: 'DEC1128', ip: '192.168.0.20', os.name: 'Windows 10', os.arch: 'amd64', os.version: '10.0', java.version: '17.0.14'
Driver info: org.openqa.selenium.chrome.ChromeDriver
Command: [a6881e75829d0a38f796ede56ffa1837, sendKeysToElement {id=f.394473ED73F70EFB341D7C8D5BF1D433.d.070512B6967B0691E8B658215F79BBC1.e.153, value=[Ljava.lang.CharSequence;@2a11ae0b}]
Capabilities {acceptInsecureCerts: false, browserName: chrome, browserVersion: 137.0.7151.69, chrome: {chromedriverVersion: 137.0.7151.68 (2989ffee9373..., userDataDir: C:\Users\AKSHAY~1\AppData\L...}, fedcm:accounts: true, goog:chromeOptions: {debuggerAddress: localhost:49613}, javascriptEnabled: true, networkConnectionEnabled: false, pageLoadStrategy: normal, platform: WINDOWS, platformName: WINDOWS, proxy: Proxy(), se:cdp: ws://localhost:49613/devtoo..., se:cdpVersion: 137.0.7151.69, setWindowRect: true, strictFileInteractability: false, timeouts: {implicit: 0, pageLoad: 300000, script: 30000}, unhandledPromptBehavior: dismiss and notify, webauthn:extension:credBlob: true, webauthn:extension:largeBlob: true, webauthn:extension:minPinLength: true, webauthn:extension:prf: true, webauthn:virtualAuthenticators: true}
Element: [org.openqa.selenium.remote.RemoteWebElement@20390a46 -> unknown locator]
Session ID: a6881e75829d0a38f796ede56ffa1837
at java.base/jdk.internal.reflect.NativeConstructorAccessorImpl.newInstance0(Native Method)
at java.base/jdk.internal.reflect.NativeConstructorAccessorImpl.newInstance(NativeConstructorAccessorImpl.java:77)
at java.base/jdk.internal.reflect.DelegatingConstructorAccessorImpl.newInstance(DelegatingConstructorAccessorImpl.java:45)
at java.base/java.lang.reflect.Constructor.newInstanceWithCaller(Constructor.java:499)
at java.base/java.lang.reflect.Constructor.newInstance(Constructor.java:480)
at org.openqa.selenium.remote.codec.w3c.W3CHttpResponseCodec.createException(W3CHttpResponseCodec.java:200)
at org.openqa.selenium.remote.codec.w3c.W3CHttpResponseCodec.decode(W3CHttpResponseCodec.java:133)
at org.openqa.selenium.remote.codec.w3c.W3CHttpResponseCodec.decode(W3CHttpResponseCodec.java:53)
at org.openqa.selenium.remote.HttpCommandExecutor.execute(HttpCommandExecutor.java:184)
at org.openqa.selenium.remote.service.DriverCommandExecutor.invokeExecute(DriverCommandExecutor.java:167)
at org.openqa.selenium.remote.service.DriverCommandExecutor.execute(DriverCommandExecutor.java:142)
at org.openqa.selenium.remote.RemoteWebDriver.execute(RemoteWebDriver.java:543)
at org.openqa.selenium.remote.RemoteWebElement.execute(RemoteWebElement.java:251)
at org.openqa.selenium.remote.RemoteWebElement.sendKeys(RemoteWebElement.java:107)
at stepDefinitions.VBankPublishAppSD.fill_all_the_required_field_of_app_setting_page(VBankPublishAppSD.java:82)
at ✽.Fill all the required field of App setting page(file:///C:/Users/Akshay%20rajput/Downloads/CucumberFramework/CucumberFramework/src/test/java/features/VBankPublishApp.feature:7)
]]>
            </full-stacktrace>
          </exception> <!-- org.openqa.selenium.ElementNotInteractableException -->
          <reporter-output>
          </reporter-output>
        </test-method> <!-- runScenario -->
        <test-method signature="runScenario(io.cucumber.testng.PickleWrapper,io.cucumber.testng.FeatureWrapper)[pri:0, instance:cucumberOptions.TestNGTestRunner@36fc695d]" started-at="2025-07-28T00:55:07 IST" name="runScenario" data-provider="scenarios" finished-at="2025-07-28T00:55:35 IST" duration-ms="27273" status="FAIL">
          <params>
            <param index="0">
              <value>
                <![CDATA["Verify publishing a sandbox app with all consent languages using Rich HTML text"]]>
              </value>
            </param>
            <param index="1">
              <value>
                <![CDATA["Optional[Verify Publish app to Sandbox successfully.]"]]>
              </value>
            </param>
          </params>
          <exception class="org.openqa.selenium.StaleElementReferenceException">
            <message>
              <![CDATA[stale element reference: stale element not found in the current frame
  (Session info: chrome=137.0.7151.69)
For documentation on this error, please visit: https://selenium.dev/exceptions/#stale_element_reference
Build info: version: '4.1.1', revision: 'e8fcc2cecf'
System info: host: 'DEC1128', ip: '192.168.0.20', os.name: 'Windows 10', os.arch: 'amd64', os.version: '10.0', java.version: '17.0.14'
Driver info: org.openqa.selenium.chrome.ChromeDriver
Command: [52a36f74222bb0dc72c58c3772a9cedd, executeScript {script=arguments[0].click();, args=[{ELEMENT=f.E19CFB96DD547A43E5F055573AE84E80.d.71CC7404DD73EA20638A2FF0D58A9356.e.324, element-6066-11e4-a52e-4f735466cecf=f.E19CFB96DD547A43E5F055573AE84E80.d.71CC7404DD73EA20638A2FF0D58A9356.e.324}]}]
Capabilities {acceptInsecureCerts: false, browserName: chrome, browserVersion: 137.0.7151.69, chrome: {chromedriverVersion: 137.0.7151.68 (2989ffee9373..., userDataDir: C:\Users\AKSHAY~1\AppData\L...}, fedcm:accounts: true, goog:chromeOptions: {debuggerAddress: localhost:49640}, javascriptEnabled: true, networkConnectionEnabled: false, pageLoadStrategy: normal, platform: WINDOWS, platformName: WINDOWS, proxy: Proxy(), se:cdp: ws://localhost:49640/devtoo..., se:cdpVersion: 137.0.7151.69, setWindowRect: true, strictFileInteractability: false, timeouts: {implicit: 0, pageLoad: 300000, script: 30000}, unhandledPromptBehavior: dismiss and notify, webauthn:extension:credBlob: true, webauthn:extension:largeBlob: true, webauthn:extension:minPinLength: true, webauthn:extension:prf: true, webauthn:virtualAuthenticators: true}
Session ID: 52a36f74222bb0dc72c58c3772a9cedd]]>
            </message>
            <full-stacktrace>
              <![CDATA[org.openqa.selenium.StaleElementReferenceException: stale element reference: stale element not found in the current frame
  (Session info: chrome=137.0.7151.69)
For documentation on this error, please visit: https://selenium.dev/exceptions/#stale_element_reference
Build info: version: '4.1.1', revision: 'e8fcc2cecf'
System info: host: 'DEC1128', ip: '192.168.0.20', os.name: 'Windows 10', os.arch: 'amd64', os.version: '10.0', java.version: '17.0.14'
Driver info: org.openqa.selenium.chrome.ChromeDriver
Command: [52a36f74222bb0dc72c58c3772a9cedd, executeScript {script=arguments[0].click();, args=[{ELEMENT=f.E19CFB96DD547A43E5F055573AE84E80.d.71CC7404DD73EA20638A2FF0D58A9356.e.324, element-6066-11e4-a52e-4f735466cecf=f.E19CFB96DD547A43E5F055573AE84E80.d.71CC7404DD73EA20638A2FF0D58A9356.e.324}]}]
Capabilities {acceptInsecureCerts: false, browserName: chrome, browserVersion: 137.0.7151.69, chrome: {chromedriverVersion: 137.0.7151.68 (2989ffee9373..., userDataDir: C:\Users\AKSHAY~1\AppData\L...}, fedcm:accounts: true, goog:chromeOptions: {debuggerAddress: localhost:49640}, javascriptEnabled: true, networkConnectionEnabled: false, pageLoadStrategy: normal, platform: WINDOWS, platformName: WINDOWS, proxy: Proxy(), se:cdp: ws://localhost:49640/devtoo..., se:cdpVersion: 137.0.7151.69, setWindowRect: true, strictFileInteractability: false, timeouts: {implicit: 0, pageLoad: 300000, script: 30000}, unhandledPromptBehavior: dismiss and notify, webauthn:extension:credBlob: true, webauthn:extension:largeBlob: true, webauthn:extension:minPinLength: true, webauthn:extension:prf: true, webauthn:virtualAuthenticators: true}
Session ID: 52a36f74222bb0dc72c58c3772a9cedd
at java.base/jdk.internal.reflect.NativeConstructorAccessorImpl.newInstance0(Native Method)
at java.base/jdk.internal.reflect.NativeConstructorAccessorImpl.newInstance(NativeConstructorAccessorImpl.java:77)
at java.base/jdk.internal.reflect.DelegatingConstructorAccessorImpl.newInstance(DelegatingConstructorAccessorImpl.java:45)
at java.base/java.lang.reflect.Constructor.newInstanceWithCaller(Constructor.java:499)
at java.base/java.lang.reflect.Constructor.newInstance(Constructor.java:480)
at org.openqa.selenium.remote.codec.w3c.W3CHttpResponseCodec.createException(W3CHttpResponseCodec.java:200)
at org.openqa.selenium.remote.codec.w3c.W3CHttpResponseCodec.decode(W3CHttpResponseCodec.java:133)
at org.openqa.selenium.remote.codec.w3c.W3CHttpResponseCodec.decode(W3CHttpResponseCodec.java:53)
at org.openqa.selenium.remote.HttpCommandExecutor.execute(HttpCommandExecutor.java:184)
at org.openqa.selenium.remote.service.DriverCommandExecutor.invokeExecute(DriverCommandExecutor.java:167)
at org.openqa.selenium.remote.service.DriverCommandExecutor.execute(DriverCommandExecutor.java:142)
at org.openqa.selenium.remote.RemoteWebDriver.execute(RemoteWebDriver.java:543)
at org.openqa.selenium.remote.RemoteWebDriver.executeScript(RemoteWebDriver.java:477)
at pageObjects.VBankConsentConfiguration.selectConsentType6(VBankConsentConfiguration.java:398)
at stepDefinitions.VBankPublishAppSD.the_user_fills_in_all_required_fields_on_the_consent_configuration_page_with_consent_notice_text_in_each_selected_language_using_rich_html(VBankPublishAppSD.java:228)
at ✽.the user fills in all required fields on the Consent Configuration page with consent notice text in each selected language using Rich HTML(file:///C:/Users/Akshay%20rajput/Downloads/CucumberFramework/CucumberFramework/src/test/java/features/VBankPublishApp.feature:22)
]]>
            </full-stacktrace>
          </exception> <!-- org.openqa.selenium.StaleElementReferenceException -->
          <reporter-output>
          </reporter-output>
        </test-method> <!-- runScenario -->
        <test-method signature="runScenario(io.cucumber.testng.PickleWrapper,io.cucumber.testng.FeatureWrapper)[pri:0, instance:cucumberOptions.TestNGTestRunner@36fc695d]" started-at="2025-07-28T00:55:35 IST" name="runScenario" data-provider="scenarios" finished-at="2025-07-28T00:55:43 IST" duration-ms="7853" status="PASS">
          <params>
            <param index="0">
              <value>
                <![CDATA["Navigate to the Runtime Sandbox environment via Access to Sandbox button"]]>
              </value>
            </param>
            <param index="1">
              <value>
                <![CDATA["Optional[Verify Navigation from Control Plane to Runtime Environment]"]]>
              </value>
            </param>
          </params>
          <reporter-output>
          </reporter-output>
        </test-method> <!-- runScenario -->
        <test-method signature="runScenario(io.cucumber.testng.PickleWrapper,io.cucumber.testng.FeatureWrapper)[pri:0, instance:cucumberOptions.TestNGTestRunner@36fc695d]" started-at="2025-07-28T00:55:43 IST" name="runScenario" data-provider="scenarios" finished-at="2025-07-28T00:55:50 IST" duration-ms="7503" status="PASS">
          <params>
            <param index="0">
              <value>
                <![CDATA["Navigate to the Runtime Production environment via Access to Production button"]]>
              </value>
            </param>
            <param index="1">
              <value>
                <![CDATA["Optional[Verify Navigation from Control Plane to Runtime Environment]"]]>
              </value>
            </param>
          </params>
          <reporter-output>
          </reporter-output>
        </test-method> <!-- runScenario -->
        <test-method signature="runScenario(io.cucumber.testng.PickleWrapper,io.cucumber.testng.FeatureWrapper)[pri:0, instance:cucumberOptions.TestNGTestRunner@36fc695d]" started-at="2025-07-28T00:55:50 IST" name="runScenario" data-provider="scenarios" finished-at="2025-07-28T00:55:56 IST" duration-ms="5650" status="PASS">
          <params>
            <param index="0">
              <value>
                <![CDATA["User navigates through all tabs on the App Asset Detail page"]]>
              </value>
            </param>
            <param index="1">
              <value>
                <![CDATA["Optional[App Asset Detail Page - Tab Navigation]"]]>
              </value>
            </param>
          </params>
          <reporter-output>
          </reporter-output>
        </test-method> <!-- runScenario -->
        <test-method signature="runScenario(io.cucumber.testng.PickleWrapper,io.cucumber.testng.FeatureWrapper)[pri:0, instance:cucumberOptions.TestNGTestRunner@36fc695d]" started-at="2025-07-28T00:55:56 IST" name="runScenario" data-provider="scenarios" finished-at="2025-07-28T00:56:01 IST" duration-ms="4953" status="PASS">
          <params>
            <param index="0">
              <value>
                <![CDATA["Verify the Trending Explore All Assets"]]>
              </value>
            </param>
            <param index="1">
              <value>
                <![CDATA["Optional[Verify Explore All functionality on vHub]"]]>
              </value>
            </param>
          </params>
          <reporter-output>
          </reporter-output>
        </test-method> <!-- runScenario -->
        <test-method signature="runScenario(io.cucumber.testng.PickleWrapper,io.cucumber.testng.FeatureWrapper)[pri:0, instance:cucumberOptions.TestNGTestRunner@36fc695d]" started-at="2025-07-28T00:56:01 IST" name="runScenario" data-provider="scenarios" finished-at="2025-07-28T00:56:06 IST" duration-ms="5058" status="PASS">
          <params>
            <param index="0">
              <value>
                <![CDATA["Verify the Featured Explore All Assets"]]>
              </value>
            </param>
            <param index="1">
              <value>
                <![CDATA["Optional[Verify Explore All functionality on vHub]"]]>
              </value>
            </param>
          </params>
          <reporter-output>
          </reporter-output>
        </test-method> <!-- runScenario -->
        <test-method signature="runScenario(io.cucumber.testng.PickleWrapper,io.cucumber.testng.FeatureWrapper)[pri:0, instance:cucumberOptions.TestNGTestRunner@36fc695d]" started-at="2025-07-28T00:56:06 IST" name="runScenario" data-provider="scenarios" finished-at="2025-07-28T00:56:11 IST" duration-ms="5156" status="PASS">
          <params>
            <param index="0">
              <value>
                <![CDATA["Verify the Most Popular Explore All Assets"]]>
              </value>
            </param>
            <param index="1">
              <value>
                <![CDATA["Optional[Verify Explore All functionality on vHub]"]]>
              </value>
            </param>
          </params>
          <reporter-output>
          </reporter-output>
        </test-method> <!-- runScenario -->
        <test-method signature="runScenario(io.cucumber.testng.PickleWrapper,io.cucumber.testng.FeatureWrapper)[pri:0, instance:cucumberOptions.TestNGTestRunner@36fc695d]" started-at="2025-07-28T00:56:11 IST" name="runScenario" data-provider="scenarios" finished-at="2025-07-28T00:56:26 IST" duration-ms="15455" status="PASS">
          <params>
            <param index="0">
              <value>
                <![CDATA["Verify the Top Use Cases Explore All Assets"]]>
              </value>
            </param>
            <param index="1">
              <value>
                <![CDATA["Optional[Verify Explore All functionality on vHub]"]]>
              </value>
            </param>
          </params>
          <reporter-output>
          </reporter-output>
        </test-method> <!-- runScenario -->
        <test-method signature="runScenario(io.cucumber.testng.PickleWrapper,io.cucumber.testng.FeatureWrapper)[pri:0, instance:cucumberOptions.TestNGTestRunner@36fc695d]" started-at="2025-07-28T00:56:26 IST" name="runScenario" data-provider="scenarios" finished-at="2025-07-28T00:56:42 IST" duration-ms="15213" status="PASS">
          <params>
            <param index="0">
              <value>
                <![CDATA["Verify the Top Partners Explore All Assets"]]>
              </value>
            </param>
            <param index="1">
              <value>
                <![CDATA["Optional[Verify Explore All functionality on vHub]"]]>
              </value>
            </param>
          </params>
          <reporter-output>
          </reporter-output>
        </test-method> <!-- runScenario -->
        <test-method signature="runScenario(io.cucumber.testng.PickleWrapper,io.cucumber.testng.FeatureWrapper)[pri:0, instance:cucumberOptions.TestNGTestRunner@36fc695d]" started-at="2025-07-28T00:56:42 IST" name="runScenario" data-provider="scenarios" finished-at="2025-07-28T00:56:47 IST" duration-ms="4937" status="PASS">
          <params>
            <param index="0">
              <value>
                <![CDATA["Verify Navigate to Top Use Cases from the banner image."]]>
              </value>
            </param>
            <param index="1">
              <value>
                <![CDATA["Optional[Verify Explore Top Use Cases from Banner.]"]]>
              </value>
            </param>
          </params>
          <reporter-output>
          </reporter-output>
        </test-method> <!-- runScenario -->
        <test-method signature="runScenario(io.cucumber.testng.PickleWrapper,io.cucumber.testng.FeatureWrapper)[pri:0, instance:cucumberOptions.TestNGTestRunner@36fc695d]" started-at="2025-07-28T00:56:47 IST" name="runScenario" data-provider="scenarios" finished-at="2025-07-28T00:56:51 IST" duration-ms="4718" status="PASS">
          <params>
            <param index="0">
              <value>
                <![CDATA["Verify Become a Partner link in the footer"]]>
              </value>
            </param>
            <param index="1">
              <value>
                <![CDATA["Optional[Verify Footer Links on vHub]"]]>
              </value>
            </param>
          </params>
          <reporter-output>
          </reporter-output>
        </test-method> <!-- runScenario -->
        <test-method signature="runScenario(io.cucumber.testng.PickleWrapper,io.cucumber.testng.FeatureWrapper)[pri:0, instance:cucumberOptions.TestNGTestRunner@36fc695d]" started-at="2025-07-28T00:56:51 IST" name="runScenario" data-provider="scenarios" finished-at="2025-07-28T00:56:59 IST" duration-ms="7815" status="PASS">
          <params>
            <param index="0">
              <value>
                <![CDATA["Verify Decimal Technologies link under Quick Links"]]>
              </value>
            </param>
            <param index="1">
              <value>
                <![CDATA["Optional[Verify Footer Links on vHub]"]]>
              </value>
            </param>
          </params>
          <reporter-output>
          </reporter-output>
        </test-method> <!-- runScenario -->
        <test-method signature="runScenario(io.cucumber.testng.PickleWrapper,io.cucumber.testng.FeatureWrapper)[pri:0, instance:cucumberOptions.TestNGTestRunner@36fc695d]" started-at="2025-07-28T00:56:59 IST" name="runScenario" data-provider="scenarios" finished-at="2025-07-28T00:57:08 IST" duration-ms="8846" status="PASS">
          <params>
            <param index="0">
              <value>
                <![CDATA["Verify Vahana Cloud link under Quick Links"]]>
              </value>
            </param>
            <param index="1">
              <value>
                <![CDATA["Optional[Verify Footer Links on vHub]"]]>
              </value>
            </param>
          </params>
          <reporter-output>
          </reporter-output>
        </test-method> <!-- runScenario -->
        <test-method signature="runScenario(io.cucumber.testng.PickleWrapper,io.cucumber.testng.FeatureWrapper)[pri:0, instance:cucumberOptions.TestNGTestRunner@36fc695d]" started-at="2025-07-28T00:57:08 IST" name="runScenario" data-provider="scenarios" finished-at="2025-07-28T00:57:16 IST" duration-ms="8001" status="PASS">
          <params>
            <param index="0">
              <value>
                <![CDATA["Verify Contact Us link under Quick Links"]]>
              </value>
            </param>
            <param index="1">
              <value>
                <![CDATA["Optional[Verify Footer Links on vHub]"]]>
              </value>
            </param>
          </params>
          <reporter-output>
          </reporter-output>
        </test-method> <!-- runScenario -->
        <test-method signature="runScenario(io.cucumber.testng.PickleWrapper,io.cucumber.testng.FeatureWrapper)[pri:0, instance:cucumberOptions.TestNGTestRunner@36fc695d]" started-at="2025-07-28T00:57:16 IST" name="runScenario" data-provider="scenarios" finished-at="2025-07-28T00:57:23 IST" duration-ms="6743" status="PASS">
          <params>
            <param index="0">
              <value>
                <![CDATA["Verify Documentation link under Help and Support"]]>
              </value>
            </param>
            <param index="1">
              <value>
                <![CDATA["Optional[Verify Footer Links on vHub]"]]>
              </value>
            </param>
          </params>
          <reporter-output>
          </reporter-output>
        </test-method> <!-- runScenario -->
        <test-method signature="runScenario(io.cucumber.testng.PickleWrapper,io.cucumber.testng.FeatureWrapper)[pri:0, instance:cucumberOptions.TestNGTestRunner@36fc695d]" started-at="2025-07-28T00:57:23 IST" name="runScenario" data-provider="scenarios" finished-at="2025-07-28T00:57:31 IST" duration-ms="8315" status="PASS">
          <params>
            <param index="0">
              <value>
                <![CDATA["Verify Vahana Community link under Help and Support"]]>
              </value>
            </param>
            <param index="1">
              <value>
                <![CDATA["Optional[Verify Footer Links on vHub]"]]>
              </value>
            </param>
          </params>
          <reporter-output>
          </reporter-output>
        </test-method> <!-- runScenario -->
        <test-method signature="runScenario(io.cucumber.testng.PickleWrapper,io.cucumber.testng.FeatureWrapper)[pri:0, instance:cucumberOptions.TestNGTestRunner@36fc695d]" started-at="2025-07-28T00:57:31 IST" name="runScenario" data-provider="scenarios" finished-at="2025-07-28T00:57:36 IST" duration-ms="5508" status="PASS">
          <params>
            <param index="0">
              <value>
                <![CDATA["Verify Vahana Hub Support link under Help and Support"]]>
              </value>
            </param>
            <param index="1">
              <value>
                <![CDATA["Optional[Verify Footer Links on vHub]"]]>
              </value>
            </param>
          </params>
          <reporter-output>
          </reporter-output>
        </test-method> <!-- runScenario -->
        <test-method signature="runScenario(io.cucumber.testng.PickleWrapper,io.cucumber.testng.FeatureWrapper)[pri:0, instance:cucumberOptions.TestNGTestRunner@36fc695d]" started-at="2025-07-28T00:57:36 IST" name="runScenario" data-provider="scenarios" finished-at="2025-07-28T00:57:45 IST" duration-ms="8492" status="PASS">
          <params>
            <param index="0">
              <value>
                <![CDATA["Verify LinkedIn link under Our Social Media"]]>
              </value>
            </param>
            <param index="1">
              <value>
                <![CDATA["Optional[Verify Footer Links on vHub]"]]>
              </value>
            </param>
          </params>
          <reporter-output>
          </reporter-output>
        </test-method> <!-- runScenario -->
        <test-method signature="runScenario(io.cucumber.testng.PickleWrapper,io.cucumber.testng.FeatureWrapper)[pri:0, instance:cucumberOptions.TestNGTestRunner@36fc695d]" started-at="2025-07-28T00:57:45 IST" name="runScenario" data-provider="scenarios" finished-at="2025-07-28T00:57:54 IST" duration-ms="9411" status="PASS">
          <params>
            <param index="0">
              <value>
                <![CDATA["Verify YouTube link under Our Social Media"]]>
              </value>
            </param>
            <param index="1">
              <value>
                <![CDATA["Optional[Verify Footer Links on vHub]"]]>
              </value>
            </param>
          </params>
          <reporter-output>
          </reporter-output>
        </test-method> <!-- runScenario -->
        <test-method signature="runScenario(io.cucumber.testng.PickleWrapper,io.cucumber.testng.FeatureWrapper)[pri:0, instance:cucumberOptions.TestNGTestRunner@36fc695d]" started-at="2025-07-28T00:57:54 IST" name="runScenario" data-provider="scenarios" finished-at="2025-07-28T00:58:00 IST" duration-ms="6100" status="PASS">
          <params>
            <param index="0">
              <value>
                <![CDATA["Verify Developer Console link opens the Vahana Account page."]]>
              </value>
            </param>
            <param index="1">
              <value>
                <![CDATA["Optional[Verify vHub Header Navigation Links]"]]>
              </value>
            </param>
          </params>
          <reporter-output>
          </reporter-output>
        </test-method> <!-- runScenario -->
        <test-method signature="runScenario(io.cucumber.testng.PickleWrapper,io.cucumber.testng.FeatureWrapper)[pri:0, instance:cucumberOptions.TestNGTestRunner@36fc695d]" started-at="2025-07-28T00:58:00 IST" name="runScenario" data-provider="scenarios" finished-at="2025-07-28T00:58:07 IST" duration-ms="6650" status="PASS">
          <params>
            <param index="0">
              <value>
                <![CDATA["Verify Documentation link opens the Vahana Academy page."]]>
              </value>
            </param>
            <param index="1">
              <value>
                <![CDATA["Optional[Verify vHub Header Navigation Links]"]]>
              </value>
            </param>
          </params>
          <reporter-output>
          </reporter-output>
        </test-method> <!-- runScenario -->
        <test-method signature="runScenario(io.cucumber.testng.PickleWrapper,io.cucumber.testng.FeatureWrapper)[pri:0, instance:cucumberOptions.TestNGTestRunner@36fc695d]" started-at="2025-07-28T00:58:07 IST" name="runScenario" data-provider="scenarios" finished-at="2025-07-28T00:58:15 IST" duration-ms="7990" status="PASS">
          <params>
            <param index="0">
              <value>
                <![CDATA["Verify Vahana Community link opens the Community page."]]>
              </value>
            </param>
            <param index="1">
              <value>
                <![CDATA["Optional[Verify vHub Header Navigation Links]"]]>
              </value>
            </param>
          </params>
          <reporter-output>
          </reporter-output>
        </test-method> <!-- runScenario -->
        <test-method signature="runScenario(io.cucumber.testng.PickleWrapper,io.cucumber.testng.FeatureWrapper)[pri:0, instance:cucumberOptions.TestNGTestRunner@36fc695d]" started-at="2025-07-28T00:58:15 IST" name="runScenario" data-provider="scenarios" finished-at="2025-07-28T00:58:21 IST" duration-ms="5783" status="PASS">
          <params>
            <param index="0">
              <value>
                <![CDATA["Verify Search Experience for Asset type App on home page"]]>
              </value>
            </param>
            <param index="1">
              <value>
                <![CDATA["Optional[Verify navigate to vHub Landing page and search the Asset from search bar.]"]]>
              </value>
            </param>
          </params>
          <reporter-output>
          </reporter-output>
        </test-method> <!-- runScenario -->
        <test-method signature="runScenario(io.cucumber.testng.PickleWrapper,io.cucumber.testng.FeatureWrapper)[pri:0, instance:cucumberOptions.TestNGTestRunner@36fc695d]" started-at="2025-07-28T00:58:21 IST" name="runScenario" data-provider="scenarios" finished-at="2025-07-28T00:58:37 IST" duration-ms="16081" status="PASS">
          <params>
            <param index="0">
              <value>
                <![CDATA["View details for Live Status - Service Up"]]>
              </value>
            </param>
            <param index="1">
              <value>
                <![CDATA["Optional[Verify My Subscription functionality]"]]>
              </value>
            </param>
          </params>
          <reporter-output>
          </reporter-output>
        </test-method> <!-- runScenario -->
        <test-method signature="runScenario(io.cucumber.testng.PickleWrapper,io.cucumber.testng.FeatureWrapper)[pri:0, instance:cucumberOptions.TestNGTestRunner@36fc695d]" started-at="2025-07-28T00:58:37 IST" name="runScenario" data-provider="scenarios" finished-at="2025-07-28T00:58:57 IST" duration-ms="20363" status="PASS">
          <params>
            <param index="0">
              <value>
                <![CDATA["Submit Request Support for Live Status - Service Up"]]>
              </value>
            </param>
            <param index="1">
              <value>
                <![CDATA["Optional[Verify My Subscription functionality]"]]>
              </value>
            </param>
          </params>
          <reporter-output>
          </reporter-output>
        </test-method> <!-- runScenario -->
        <test-method signature="runScenario(io.cucumber.testng.PickleWrapper,io.cucumber.testng.FeatureWrapper)[pri:0, instance:cucumberOptions.TestNGTestRunner@36fc695d]" started-at="2025-07-28T00:58:57 IST" name="runScenario" data-provider="scenarios" finished-at="2025-07-28T00:59:17 IST" duration-ms="19234" status="PASS">
          <params>
            <param index="0">
              <value>
                <![CDATA["Submit Request Production for Live Status - Service Up"]]>
              </value>
            </param>
            <param index="1">
              <value>
                <![CDATA["Optional[Verify My Subscription functionality]"]]>
              </value>
            </param>
          </params>
          <reporter-output>
          </reporter-output>
        </test-method> <!-- runScenario -->
        <test-method signature="runScenario(io.cucumber.testng.PickleWrapper,io.cucumber.testng.FeatureWrapper)[pri:0, instance:cucumberOptions.TestNGTestRunner@36fc695d]" started-at="2025-07-28T00:59:17 IST" name="runScenario" data-provider="scenarios" finished-at="2025-07-28T00:59:36 IST" duration-ms="19807" status="PASS">
          <params>
            <param index="0">
              <value>
                <![CDATA["Submit Request Unsubscribe for Live Status - Service Up"]]>
              </value>
            </param>
            <param index="1">
              <value>
                <![CDATA["Optional[Verify My Subscription functionality]"]]>
              </value>
            </param>
          </params>
          <reporter-output>
          </reporter-output>
        </test-method> <!-- runScenario -->
        <test-method signature="runScenario(io.cucumber.testng.PickleWrapper,io.cucumber.testng.FeatureWrapper)[pri:0, instance:cucumberOptions.TestNGTestRunner@36fc695d]" started-at="2025-07-28T00:59:36 IST" name="runScenario" data-provider="scenarios" finished-at="2025-07-28T00:59:52 IST" duration-ms="15890" status="PASS">
          <params>
            <param index="0">
              <value>
                <![CDATA["View details for Live Status - Service Down"]]>
              </value>
            </param>
            <param index="1">
              <value>
                <![CDATA["Optional[Verify My Subscription functionality]"]]>
              </value>
            </param>
          </params>
          <reporter-output>
          </reporter-output>
        </test-method> <!-- runScenario -->
        <test-method signature="runScenario(io.cucumber.testng.PickleWrapper,io.cucumber.testng.FeatureWrapper)[pri:0, instance:cucumberOptions.TestNGTestRunner@36fc695d]" started-at="2025-07-28T00:59:52 IST" name="runScenario" data-provider="scenarios" finished-at="2025-07-28T01:00:13 IST" duration-ms="20382" status="PASS">
          <params>
            <param index="0">
              <value>
                <![CDATA["Submit Request Support for Live Status - Service Down"]]>
              </value>
            </param>
            <param index="1">
              <value>
                <![CDATA["Optional[Verify My Subscription functionality]"]]>
              </value>
            </param>
          </params>
          <reporter-output>
          </reporter-output>
        </test-method> <!-- runScenario -->
        <test-method signature="runScenario(io.cucumber.testng.PickleWrapper,io.cucumber.testng.FeatureWrapper)[pri:0, instance:cucumberOptions.TestNGTestRunner@36fc695d]" started-at="2025-07-28T01:00:13 IST" name="runScenario" data-provider="scenarios" finished-at="2025-07-28T01:00:31 IST" duration-ms="18765" status="PASS">
          <params>
            <param index="0">
              <value>
                <![CDATA["Submit Request Production for Live Status - Service Down"]]>
              </value>
            </param>
            <param index="1">
              <value>
                <![CDATA["Optional[Verify My Subscription functionality]"]]>
              </value>
            </param>
          </params>
          <reporter-output>
          </reporter-output>
        </test-method> <!-- runScenario -->
        <test-method signature="runScenario(io.cucumber.testng.PickleWrapper,io.cucumber.testng.FeatureWrapper)[pri:0, instance:cucumberOptions.TestNGTestRunner@36fc695d]" started-at="2025-07-28T01:00:31 IST" name="runScenario" data-provider="scenarios" finished-at="2025-07-28T01:00:50 IST" duration-ms="18914" status="PASS">
          <params>
            <param index="0">
              <value>
                <![CDATA["Submit Request Unsubscribe for Live Status - Service Down"]]>
              </value>
            </param>
            <param index="1">
              <value>
                <![CDATA["Optional[Verify My Subscription functionality]"]]>
              </value>
            </param>
          </params>
          <reporter-output>
          </reporter-output>
        </test-method> <!-- runScenario -->
        <test-method signature="runScenario(io.cucumber.testng.PickleWrapper,io.cucumber.testng.FeatureWrapper)[pri:0, instance:cucumberOptions.TestNGTestRunner@36fc695d]" started-at="2025-07-28T01:00:50 IST" name="runScenario" data-provider="scenarios" finished-at="2025-07-28T01:01:06 IST" duration-ms="15366" status="PASS">
          <params>
            <param index="0">
              <value>
                <![CDATA["View details for Live Status - Credit Expired"]]>
              </value>
            </param>
            <param index="1">
              <value>
                <![CDATA["Optional[Verify My Subscription functionality]"]]>
              </value>
            </param>
          </params>
          <reporter-output>
          </reporter-output>
        </test-method> <!-- runScenario -->
        <test-method signature="runScenario(io.cucumber.testng.PickleWrapper,io.cucumber.testng.FeatureWrapper)[pri:0, instance:cucumberOptions.TestNGTestRunner@36fc695d]" started-at="2025-07-28T01:01:06 IST" name="runScenario" data-provider="scenarios" finished-at="2025-07-28T01:01:27 IST" duration-ms="20995" status="FAIL">
          <params>
            <param index="0">
              <value>
                <![CDATA["Submit Request Credits for Live Status - Credit Expired"]]>
              </value>
            </param>
            <param index="1">
              <value>
                <![CDATA["Optional[Verify My Subscription functionality]"]]>
              </value>
            </param>
          </params>
          <exception class="java.lang.AssertionError">
            <message>
              <![CDATA[Exception occurred while processing Explore Assets or Live Status logic: Expected condition failed: waiting for visibility of element located by By.xpath: //div[@class='popup-header']/h5[normalize-space()='Request Submitted'] (tried for 5 second(s) with 500 milliseconds interval)
Build info: version: '4.1.1', revision: 'e8fcc2cecf'
System info: host: 'DEC1128', ip: '192.168.0.20', os.name: 'Windows 10', os.arch: 'amd64', os.version: '10.0', java.version: '17.0.14'
Driver info: org.openqa.selenium.chrome.ChromeDriver
Capabilities {acceptInsecureCerts: false, browserName: chrome, browserVersion: 137.0.7151.69, chrome: {chromedriverVersion: 137.0.7151.68 (2989ffee9373..., userDataDir: C:\Users\AKSHAY~1\AppData\L...}, fedcm:accounts: true, goog:chromeOptions: {debuggerAddress: localhost:50722}, javascriptEnabled: true, networkConnectionEnabled: false, pageLoadStrategy: normal, platform: WINDOWS, platformName: WINDOWS, proxy: Proxy(), se:cdp: ws://localhost:50722/devtoo..., se:cdpVersion: 137.0.7151.69, setWindowRect: true, strictFileInteractability: false, timeouts: {implicit: 0, pageLoad: 300000, script: 30000}, unhandledPromptBehavior: dismiss and notify, webauthn:extension:credBlob: true, webauthn:extension:largeBlob: true, webauthn:extension:minPinLength: true, webauthn:extension:prf: true, webauthn:virtualAuthenticators: true}
Session ID: 4709210a227da900e4fec45566f5754d]]>
            </message>
            <full-stacktrace>
              <![CDATA[java.lang.AssertionError: Exception occurred while processing Explore Assets or Live Status logic: Expected condition failed: waiting for visibility of element located by By.xpath: //div[@class='popup-header']/h5[normalize-space()='Request Submitted'] (tried for 5 second(s) with 500 milliseconds interval)
Build info: version: '4.1.1', revision: 'e8fcc2cecf'
System info: host: 'DEC1128', ip: '192.168.0.20', os.name: 'Windows 10', os.arch: 'amd64', os.version: '10.0', java.version: '17.0.14'
Driver info: org.openqa.selenium.chrome.ChromeDriver
Capabilities {acceptInsecureCerts: false, browserName: chrome, browserVersion: 137.0.7151.69, chrome: {chromedriverVersion: 137.0.7151.68 (2989ffee9373..., userDataDir: C:\Users\AKSHAY~1\AppData\L...}, fedcm:accounts: true, goog:chromeOptions: {debuggerAddress: localhost:50722}, javascriptEnabled: true, networkConnectionEnabled: false, pageLoadStrategy: normal, platform: WINDOWS, platformName: WINDOWS, proxy: Proxy(), se:cdp: ws://localhost:50722/devtoo..., se:cdpVersion: 137.0.7151.69, setWindowRect: true, strictFileInteractability: false, timeouts: {implicit: 0, pageLoad: 300000, script: 30000}, unhandledPromptBehavior: dismiss and notify, webauthn:extension:credBlob: true, webauthn:extension:largeBlob: true, webauthn:extension:minPinLength: true, webauthn:extension:prf: true, webauthn:virtualAuthenticators: true}
Session ID: 4709210a227da900e4fec45566f5754d
at org.testng.Assert.fail(Assert.java:99)
at pageObjects.VHubMySubscriptions.clickOnCreditExpiredRequestCredit(VHubMySubscriptions.java:1069)
at stepDefinitions.VHubMySubscriptionsSD.the_user_applies_the_credit_expired_filter_and_submits_a_request_for_credits(VHubMySubscriptionsSD.java:105)
at ✽.the user applies the Credit Expired filter and submits a Request for Credits(file:///C:/Users/Akshay%20rajput/Downloads/CucumberFramework/CucumberFramework/src/test/java/features/VHubMySubscriptions.feature:57)
]]>
            </full-stacktrace>
          </exception> <!-- java.lang.AssertionError -->
          <reporter-output>
          </reporter-output>
        </test-method> <!-- runScenario -->
        <test-method signature="runScenario(io.cucumber.testng.PickleWrapper,io.cucumber.testng.FeatureWrapper)[pri:0, instance:cucumberOptions.TestNGTestRunner@36fc695d]" started-at="2025-07-28T01:01:27 IST" name="runScenario" data-provider="scenarios" finished-at="2025-07-28T01:01:47 IST" duration-ms="20486" status="PASS">
          <params>
            <param index="0">
              <value>
                <![CDATA["Submit Request Support for Live Status - Credit Expired"]]>
              </value>
            </param>
            <param index="1">
              <value>
                <![CDATA["Optional[Verify My Subscription functionality]"]]>
              </value>
            </param>
          </params>
          <reporter-output>
          </reporter-output>
        </test-method> <!-- runScenario -->
        <test-method signature="runScenario(io.cucumber.testng.PickleWrapper,io.cucumber.testng.FeatureWrapper)[pri:0, instance:cucumberOptions.TestNGTestRunner@36fc695d]" started-at="2025-07-28T01:01:47 IST" name="runScenario" data-provider="scenarios" finished-at="2025-07-28T01:02:06 IST" duration-ms="18869" status="PASS">
          <params>
            <param index="0">
              <value>
                <![CDATA["Submit Request Production for Live Status - Credit Expired"]]>
              </value>
            </param>
            <param index="1">
              <value>
                <![CDATA["Optional[Verify My Subscription functionality]"]]>
              </value>
            </param>
          </params>
          <reporter-output>
          </reporter-output>
        </test-method> <!-- runScenario -->
        <test-method signature="runScenario(io.cucumber.testng.PickleWrapper,io.cucumber.testng.FeatureWrapper)[pri:0, instance:cucumberOptions.TestNGTestRunner@36fc695d]" started-at="2025-07-28T01:02:06 IST" name="runScenario" data-provider="scenarios" finished-at="2025-07-28T01:02:26 IST" duration-ms="19954" status="PASS">
          <params>
            <param index="0">
              <value>
                <![CDATA["Submit Request Unsubscribe for Live Status - Credit Expired"]]>
              </value>
            </param>
            <param index="1">
              <value>
                <![CDATA["Optional[Verify My Subscription functionality]"]]>
              </value>
            </param>
          </params>
          <reporter-output>
          </reporter-output>
        </test-method> <!-- runScenario -->
        <test-method signature="runScenario(io.cucumber.testng.PickleWrapper,io.cucumber.testng.FeatureWrapper)[pri:0, instance:cucumberOptions.TestNGTestRunner@36fc695d]" started-at="2025-07-28T01:02:26 IST" name="runScenario" data-provider="scenarios" finished-at="2025-07-28T01:02:41 IST" duration-ms="15032" status="PASS">
          <params>
            <param index="0">
              <value>
                <![CDATA["View details for Live Status - Deprecated"]]>
              </value>
            </param>
            <param index="1">
              <value>
                <![CDATA["Optional[Verify My Subscription functionality]"]]>
              </value>
            </param>
          </params>
          <reporter-output>
          </reporter-output>
        </test-method> <!-- runScenario -->
        <test-method signature="runScenario(io.cucumber.testng.PickleWrapper,io.cucumber.testng.FeatureWrapper)[pri:0, instance:cucumberOptions.TestNGTestRunner@36fc695d]" started-at="2025-07-28T01:02:41 IST" name="runScenario" data-provider="scenarios" finished-at="2025-07-28T01:03:00 IST" duration-ms="18891" status="PASS">
          <params>
            <param index="0">
              <value>
                <![CDATA["Submit Request Support for Live Status - Deprecated"]]>
              </value>
            </param>
            <param index="1">
              <value>
                <![CDATA["Optional[Verify My Subscription functionality]"]]>
              </value>
            </param>
          </params>
          <reporter-output>
          </reporter-output>
        </test-method> <!-- runScenario -->
        <test-method signature="runScenario(io.cucumber.testng.PickleWrapper,io.cucumber.testng.FeatureWrapper)[pri:0, instance:cucumberOptions.TestNGTestRunner@36fc695d]" started-at="2025-07-28T01:03:00 IST" name="runScenario" data-provider="scenarios" finished-at="2025-07-28T01:03:20 IST" duration-ms="20532" status="PASS">
          <params>
            <param index="0">
              <value>
                <![CDATA["Submit Request Unsubscribe for Live Status - Deprecated"]]>
              </value>
            </param>
            <param index="1">
              <value>
                <![CDATA["Optional[Verify My Subscription functionality]"]]>
              </value>
            </param>
          </params>
          <reporter-output>
          </reporter-output>
        </test-method> <!-- runScenario -->
        <test-method is-config="true" signature="tearDownClass()[pri:0, instance:cucumberOptions.TestNGTestRunner@36fc695d]" started-at="2025-07-28T01:03:20 IST" name="tearDownClass" finished-at="2025-07-28T01:03:21 IST" duration-ms="808" status="PASS">
          <reporter-output>
          </reporter-output>
        </test-method> <!-- tearDownClass -->
      </class> <!-- cucumberOptions.TestNGTestRunner -->
    </test> <!-- Default test -->
  </suite> <!-- Default suite -->
</testng-results>
