<?xml version="1.0" encoding="UTF-8"?>
<testng-results ignored="0" total="8" passed="6" failed="2" skipped="0">
  <reporter-output>
  </reporter-output>
  <suite started-at="2025-06-22T00:14:36 IST" name="Default suite" finished-at="2025-06-22T00:15:56 IST" duration-ms="80038">
    <groups>
      <group name="cucumber">
        <method signature="AbstractTestNGCucumberTests.runScenario(io.cucumber.testng.PickleWrapper,io.cucumber.testng.FeatureWrapper)[pri:0, instance:cucumberOptions.TestNGTestRunner@618b19ad]" name="runScenario" class="io.cucumber.testng.AbstractTestNGCucumberTests"/>
      </group> <!-- cucumber -->
    </groups>
    <test started-at="2025-06-22T00:14:36 IST" name="Default test" finished-at="2025-06-22T00:15:56 IST" duration-ms="80038">
      <class name="cucumberOptions.TestNGTestRunner">
        <test-method is-config="true" signature="setUpClass(org.testng.ITestContext)[pri:0, instance:cucumberOptions.TestNGTestRunner@618b19ad]" started-at="2025-06-22T00:14:36 IST" name="setUpClass" finished-at="2025-06-22T00:14:37 IST" duration-ms="983" status="PASS">
          <params>
            <param index="0">
              <value>
                <![CDATA[org.testng.TestRunner@2411b935]]>
              </value>
            </param>
          </params>
          <reporter-output>
          </reporter-output>
        </test-method> <!-- setUpClass -->
        <test-method signature="runScenario(io.cucumber.testng.PickleWrapper,io.cucumber.testng.FeatureWrapper)[pri:0, instance:cucumberOptions.TestNGTestRunner@618b19ad]" started-at="2025-06-22T00:14:37 IST" name="runScenario" description="Runs Cucumber Scenarios" data-provider="scenarios" finished-at="2025-06-22T00:14:44 IST" duration-ms="6646" status="FAIL">
          <params>
            <param index="0">
              <value>
                <![CDATA["Veirfy Successfully navigate to vBank Landing Page after login"]]>
              </value>
            </param>
            <param index="1">
              <value>
                <![CDATA["Optional[Verify navigate to vBank Landing Page successfully.]"]]>
              </value>
            </param>
          </params>
          <exception class="org.openqa.selenium.StaleElementReferenceException">
            <message>
              <![CDATA[stale element reference: stale element not found in the current frame
  (Session info: chrome=137.0.7151.69)
For documentation on this error, please visit: https://selenium.dev/exceptions/#stale_element_reference
Build info: version: '4.1.1', revision: 'e8fcc2cecf'
System info: host: 'DEC1128', ip: '192.168.169.207', os.name: 'Windows 10', os.arch: 'amd64', os.version: '10.0', java.version: '17.0.14'
Driver info: org.openqa.selenium.chrome.ChromeDriver
Command: [69b9af95fcf3e814e1d2119acc984f97, executeScript {script=arguments[0].click();, args=[{ELEMENT=f.EEA2C497F5BA66B24649E069D2C868D0.d.2EFE00D70D75E70A97C8083196238005.e.115, element-6066-11e4-a52e-4f735466cecf=f.EEA2C497F5BA66B24649E069D2C868D0.d.2EFE00D70D75E70A97C8083196238005.e.115}]}]
Capabilities {acceptInsecureCerts: false, browserName: chrome, browserVersion: 137.0.7151.69, chrome: {chromedriverVersion: 137.0.7151.68 (2989ffee9373..., userDataDir: C:\Users\AKSHAY~1\AppData\L...}, fedcm:accounts: true, goog:chromeOptions: {debuggerAddress: localhost:55738}, javascriptEnabled: true, networkConnectionEnabled: false, pageLoadStrategy: normal, platform: WINDOWS, platformName: WINDOWS, proxy: Proxy(), se:cdp: ws://localhost:55738/devtoo..., se:cdpVersion: 137.0.7151.69, setWindowRect: true, strictFileInteractability: false, timeouts: {implicit: 0, pageLoad: 300000, script: 30000}, unhandledPromptBehavior: dismiss and notify, webauthn:extension:credBlob: true, webauthn:extension:largeBlob: true, webauthn:extension:minPinLength: true, webauthn:extension:prf: true, webauthn:virtualAuthenticators: true}
Session ID: 69b9af95fcf3e814e1d2119acc984f97]]>
            </message>
            <full-stacktrace>
              <![CDATA[org.openqa.selenium.StaleElementReferenceException: stale element reference: stale element not found in the current frame
  (Session info: chrome=137.0.7151.69)
For documentation on this error, please visit: https://selenium.dev/exceptions/#stale_element_reference
Build info: version: '4.1.1', revision: 'e8fcc2cecf'
System info: host: 'DEC1128', ip: '192.168.169.207', os.name: 'Windows 10', os.arch: 'amd64', os.version: '10.0', java.version: '17.0.14'
Driver info: org.openqa.selenium.chrome.ChromeDriver
Command: [69b9af95fcf3e814e1d2119acc984f97, executeScript {script=arguments[0].click();, args=[{ELEMENT=f.EEA2C497F5BA66B24649E069D2C868D0.d.2EFE00D70D75E70A97C8083196238005.e.115, element-6066-11e4-a52e-4f735466cecf=f.EEA2C497F5BA66B24649E069D2C868D0.d.2EFE00D70D75E70A97C8083196238005.e.115}]}]
Capabilities {acceptInsecureCerts: false, browserName: chrome, browserVersion: 137.0.7151.69, chrome: {chromedriverVersion: 137.0.7151.68 (2989ffee9373..., userDataDir: C:\Users\AKSHAY~1\AppData\L...}, fedcm:accounts: true, goog:chromeOptions: {debuggerAddress: localhost:55738}, javascriptEnabled: true, networkConnectionEnabled: false, pageLoadStrategy: normal, platform: WINDOWS, platformName: WINDOWS, proxy: Proxy(), se:cdp: ws://localhost:55738/devtoo..., se:cdpVersion: 137.0.7151.69, setWindowRect: true, strictFileInteractability: false, timeouts: {implicit: 0, pageLoad: 300000, script: 30000}, unhandledPromptBehavior: dismiss and notify, webauthn:extension:credBlob: true, webauthn:extension:largeBlob: true, webauthn:extension:minPinLength: true, webauthn:extension:prf: true, webauthn:virtualAuthenticators: true}
Session ID: 69b9af95fcf3e814e1d2119acc984f97
at java.base/jdk.internal.reflect.NativeConstructorAccessorImpl.newInstance0(Native Method)
at java.base/jdk.internal.reflect.NativeConstructorAccessorImpl.newInstance(NativeConstructorAccessorImpl.java:77)
at java.base/jdk.internal.reflect.DelegatingConstructorAccessorImpl.newInstance(DelegatingConstructorAccessorImpl.java:45)
at java.base/java.lang.reflect.Constructor.newInstanceWithCaller(Constructor.java:499)
at java.base/java.lang.reflect.Constructor.newInstance(Constructor.java:480)
at org.openqa.selenium.remote.codec.w3c.W3CHttpResponseCodec.createException(W3CHttpResponseCodec.java:200)
at org.openqa.selenium.remote.codec.w3c.W3CHttpResponseCodec.decode(W3CHttpResponseCodec.java:133)
at org.openqa.selenium.remote.codec.w3c.W3CHttpResponseCodec.decode(W3CHttpResponseCodec.java:53)
at org.openqa.selenium.remote.HttpCommandExecutor.execute(HttpCommandExecutor.java:184)
at org.openqa.selenium.remote.service.DriverCommandExecutor.invokeExecute(DriverCommandExecutor.java:167)
at org.openqa.selenium.remote.service.DriverCommandExecutor.execute(DriverCommandExecutor.java:142)
at org.openqa.selenium.remote.RemoteWebDriver.execute(RemoteWebDriver.java:543)
at org.openqa.selenium.remote.RemoteWebDriver.executeScript(RemoteWebDriver.java:477)
at pageObjects.VHubLandingPage.click_On_vConsent_Card(VHubLandingPage.java:110)
at stepDefinitions.VBankLandingPageSD.the_user_has_successfully_logged_in_and_is_on_the_v_hub_home_page(VBankLandingPageSD.java:43)
at ✽.the user has successfully logged in and is on the vHub home page(file:///C:/Users/Akshay%20rajput/Downloads/CucumberFramework/CucumberFramework/src/test/java/features/VBankLandingPage.feature:5)
]]>
            </full-stacktrace>
          </exception> <!-- org.openqa.selenium.StaleElementReferenceException -->
          <reporter-output>
          </reporter-output>
        </test-method> <!-- runScenario -->
        <test-method signature="runScenario(io.cucumber.testng.PickleWrapper,io.cucumber.testng.FeatureWrapper)[pri:0, instance:cucumberOptions.TestNGTestRunner@618b19ad]" started-at="2025-06-22T00:14:44 IST" name="runScenario" description="Runs Cucumber Scenarios" data-provider="scenarios" finished-at="2025-06-22T00:15:06 IST" duration-ms="22503" status="PASS">
          <params>
            <param index="0">
              <value>
                <![CDATA["Verify Fill all required fields and publish the app to Sandbox."]]>
              </value>
            </param>
            <param index="1">
              <value>
                <![CDATA["Optional[Verify Publish app to Sandbox successfully.]"]]>
              </value>
            </param>
          </params>
          <reporter-output>
          </reporter-output>
        </test-method> <!-- runScenario -->
        <test-method signature="runScenario(io.cucumber.testng.PickleWrapper,io.cucumber.testng.FeatureWrapper)[pri:0, instance:cucumberOptions.TestNGTestRunner@618b19ad]" started-at="2025-06-22T00:15:06 IST" name="runScenario" description="Runs Cucumber Scenarios" data-provider="scenarios" finished-at="2025-06-22T00:15:23 IST" duration-ms="16223" status="FAIL">
          <params>
            <param index="0">
              <value>
                <![CDATA["Successfully navigate to the Runtime environment after login"]]>
              </value>
            </param>
            <param index="1">
              <value>
                <![CDATA["Optional[Verify navigation from Control Plane to Runtime Environment]"]]>
              </value>
            </param>
          </params>
          <exception class="java.lang.AssertionError">
            <message>
              <![CDATA[Incorrect Runtime URL expected [https://decimal-vhub.vahanacloud.com/] but found [https://vhub.vahanacloud.com/cp/consents#overview]]]>
            </message>
            <full-stacktrace>
              <![CDATA[java.lang.AssertionError: Incorrect Runtime URL expected [https://decimal-vhub.vahanacloud.com/] but found [https://vhub.vahanacloud.com/cp/consents#overview]
at org.testng.Assert.fail(Assert.java:99)
at org.testng.Assert.failNotEquals(Assert.java:1037)
at org.testng.Assert.assertEqualsImpl(Assert.java:140)
at org.testng.Assert.assertEquals(Assert.java:122)
at org.testng.Assert.assertEquals(Assert.java:629)
at pageObjects.VBankLandingPage.verifyRuntimeUrl(VBankLandingPage.java:50)
at stepDefinitions.VBankRunTimeSD.the_system_should_redirect_the_user_to_the_runtime_environment(VBankRunTimeSD.java:67)
at ✽.the system should redirect the user to the Runtime environment(file:///C:/Users/Akshay%20rajput/Downloads/CucumberFramework/CucumberFramework/src/test/java/features/VBankRunTime.feature:8)
]]>
            </full-stacktrace>
          </exception> <!-- java.lang.AssertionError -->
          <reporter-output>
          </reporter-output>
        </test-method> <!-- runScenario -->
        <test-method signature="runScenario(io.cucumber.testng.PickleWrapper,io.cucumber.testng.FeatureWrapper)[pri:0, instance:cucumberOptions.TestNGTestRunner@618b19ad]" started-at="2025-06-22T00:15:23 IST" name="runScenario" description="Runs Cucumber Scenarios" data-provider="scenarios" finished-at="2025-06-22T00:15:29 IST" duration-ms="6034" status="PASS">
          <params>
            <param index="0">
              <value>
                <![CDATA["Verify Navigate to Top Use Cases from the banner image."]]>
              </value>
            </param>
            <param index="1">
              <value>
                <![CDATA["Optional[Verify Explore Top Use Cases from Banner.]"]]>
              </value>
            </param>
          </params>
          <reporter-output>
          </reporter-output>
        </test-method> <!-- runScenario -->
        <test-method signature="runScenario(io.cucumber.testng.PickleWrapper,io.cucumber.testng.FeatureWrapper)[pri:0, instance:cucumberOptions.TestNGTestRunner@618b19ad]" started-at="2025-06-22T00:15:29 IST" name="runScenario" description="Runs Cucumber Scenarios" data-provider="scenarios" finished-at="2025-06-22T00:15:36 IST" duration-ms="7115" status="PASS">
          <params>
            <param index="0">
              <value>
                <![CDATA["Verify Developer Console link opens the Vahana Account page."]]>
              </value>
            </param>
            <param index="1">
              <value>
                <![CDATA["Optional[Verify vHub Header Navigation Links]"]]>
              </value>
            </param>
          </params>
          <reporter-output>
          </reporter-output>
        </test-method> <!-- runScenario -->
        <test-method signature="runScenario(io.cucumber.testng.PickleWrapper,io.cucumber.testng.FeatureWrapper)[pri:0, instance:cucumberOptions.TestNGTestRunner@618b19ad]" started-at="2025-06-22T00:15:36 IST" name="runScenario" description="Runs Cucumber Scenarios" data-provider="scenarios" finished-at="2025-06-22T00:15:41 IST" duration-ms="5709" status="PASS">
          <params>
            <param index="0">
              <value>
                <![CDATA["Verify Documentation link opens the Vahana Academy page."]]>
              </value>
            </param>
            <param index="1">
              <value>
                <![CDATA["Optional[Verify vHub Header Navigation Links]"]]>
              </value>
            </param>
          </params>
          <reporter-output>
          </reporter-output>
        </test-method> <!-- runScenario -->
        <test-method signature="runScenario(io.cucumber.testng.PickleWrapper,io.cucumber.testng.FeatureWrapper)[pri:0, instance:cucumberOptions.TestNGTestRunner@618b19ad]" started-at="2025-06-22T00:15:41 IST" name="runScenario" description="Runs Cucumber Scenarios" data-provider="scenarios" finished-at="2025-06-22T00:15:50 IST" duration-ms="8141" status="PASS">
          <params>
            <param index="0">
              <value>
                <![CDATA["Verify Vahana Community link opens the Community page."]]>
              </value>
            </param>
            <param index="1">
              <value>
                <![CDATA["Optional[Verify vHub Header Navigation Links]"]]>
              </value>
            </param>
          </params>
          <reporter-output>
          </reporter-output>
        </test-method> <!-- runScenario -->
        <test-method signature="runScenario(io.cucumber.testng.PickleWrapper,io.cucumber.testng.FeatureWrapper)[pri:0, instance:cucumberOptions.TestNGTestRunner@618b19ad]" started-at="2025-06-22T00:15:50 IST" name="runScenario" description="Runs Cucumber Scenarios" data-provider="scenarios" finished-at="2025-06-22T00:15:56 IST" duration-ms="6188" status="PASS">
          <params>
            <param index="0">
              <value>
                <![CDATA["Verify Search Experience for Asset type App on home page"]]>
              </value>
            </param>
            <param index="1">
              <value>
                <![CDATA["Optional[Verify navigate to vHub Landing page and search the Asset from search bar.]"]]>
              </value>
            </param>
          </params>
          <reporter-output>
          </reporter-output>
        </test-method> <!-- runScenario -->
        <test-method is-config="true" signature="tearDownClass()[pri:0, instance:cucumberOptions.TestNGTestRunner@618b19ad]" started-at="2025-06-22T00:15:56 IST" name="tearDownClass" finished-at="2025-06-22T00:15:56 IST" duration-ms="441" status="PASS">
          <reporter-output>
          </reporter-output>
        </test-method> <!-- tearDownClass -->
      </class> <!-- cucumberOptions.TestNGTestRunner -->
    </test> <!-- Default test -->
  </suite> <!-- Default suite -->
</testng-results>
