<?xml version="1.0" encoding="UTF-8"?>
<testng-results ignored="0" total="8" passed="8" failed="0" skipped="0">
  <reporter-output>
  </reporter-output>
  <suite started-at="2025-06-24T00:37:02 IST" name="Default suite" finished-at="2025-06-24T00:38:38 IST" duration-ms="95698">
    <groups>
      <group name="cucumber">
        <method signature="AbstractTestNGCucumberTests.runScenario(io.cucumber.testng.PickleWrapper,io.cucumber.testng.FeatureWrapper)[pri:0, instance:cucumberOptions.TestNGTestRunner@618b19ad]" name="runScenario" class="io.cucumber.testng.AbstractTestNGCucumberTests"/>
      </group> <!-- cucumber -->
    </groups>
    <test started-at="2025-06-24T00:37:02 IST" name="Default test" finished-at="2025-06-24T00:38:38 IST" duration-ms="95698">
      <class name="cucumberOptions.TestNGTestRunner">
        <test-method is-config="true" signature="setUpClass(org.testng.ITestContext)[pri:0, instance:cucumberOptions.TestNGTestRunner@618b19ad]" started-at="2025-06-24T00:37:02 IST" name="setUpClass" finished-at="2025-06-24T00:37:03 IST" duration-ms="1240" status="PASS">
          <params>
            <param index="0">
              <value>
                <![CDATA[org.testng.TestRunner@5b0575d0]]>
              </value>
            </param>
          </params>
          <reporter-output>
          </reporter-output>
        </test-method> <!-- setUpClass -->
        <test-method signature="runScenario(io.cucumber.testng.PickleWrapper,io.cucumber.testng.FeatureWrapper)[pri:0, instance:cucumberOptions.TestNGTestRunner@618b19ad]" started-at="2025-06-24T00:37:03 IST" name="runScenario" description="Runs Cucumber Scenarios" data-provider="scenarios" finished-at="2025-06-24T00:37:24 IST" duration-ms="20431" status="PASS">
          <params>
            <param index="0">
              <value>
                <![CDATA["Veirfy Successfully navigate to vBank Landing Page after login"]]>
              </value>
            </param>
            <param index="1">
              <value>
                <![CDATA["Optional[Verify navigate to vBank Landing Page successfully.]"]]>
              </value>
            </param>
          </params>
          <reporter-output>
          </reporter-output>
        </test-method> <!-- runScenario -->
        <test-method signature="runScenario(io.cucumber.testng.PickleWrapper,io.cucumber.testng.FeatureWrapper)[pri:0, instance:cucumberOptions.TestNGTestRunner@618b19ad]" started-at="2025-06-24T00:37:24 IST" name="runScenario" description="Runs Cucumber Scenarios" data-provider="scenarios" finished-at="2025-06-24T00:37:48 IST" duration-ms="24411" status="PASS">
          <params>
            <param index="0">
              <value>
                <![CDATA["Verify Fill all required fields and publish the app to Sandbox."]]>
              </value>
            </param>
            <param index="1">
              <value>
                <![CDATA["Optional[Verify Publish app to Sandbox successfully.]"]]>
              </value>
            </param>
          </params>
          <reporter-output>
          </reporter-output>
        </test-method> <!-- runScenario -->
        <test-method signature="runScenario(io.cucumber.testng.PickleWrapper,io.cucumber.testng.FeatureWrapper)[pri:0, instance:cucumberOptions.TestNGTestRunner@618b19ad]" started-at="2025-06-24T00:37:48 IST" name="runScenario" description="Runs Cucumber Scenarios" data-provider="scenarios" finished-at="2025-06-24T00:38:07 IST" duration-ms="18918" status="PASS">
          <params>
            <param index="0">
              <value>
                <![CDATA["Successfully navigate to the Runtime environment after login"]]>
              </value>
            </param>
            <param index="1">
              <value>
                <![CDATA["Optional[Verify navigation from Control Plane to Runtime Environment]"]]>
              </value>
            </param>
          </params>
          <reporter-output>
          </reporter-output>
        </test-method> <!-- runScenario -->
        <test-method signature="runScenario(io.cucumber.testng.PickleWrapper,io.cucumber.testng.FeatureWrapper)[pri:0, instance:cucumberOptions.TestNGTestRunner@618b19ad]" started-at="2025-06-24T00:38:07 IST" name="runScenario" description="Runs Cucumber Scenarios" data-provider="scenarios" finished-at="2025-06-24T00:38:12 IST" duration-ms="4626" status="PASS">
          <params>
            <param index="0">
              <value>
                <![CDATA["Verify Navigate to Top Use Cases from the banner image."]]>
              </value>
            </param>
            <param index="1">
              <value>
                <![CDATA["Optional[Verify Explore Top Use Cases from Banner.]"]]>
              </value>
            </param>
          </params>
          <reporter-output>
          </reporter-output>
        </test-method> <!-- runScenario -->
        <test-method signature="runScenario(io.cucumber.testng.PickleWrapper,io.cucumber.testng.FeatureWrapper)[pri:0, instance:cucumberOptions.TestNGTestRunner@618b19ad]" started-at="2025-06-24T00:38:12 IST" name="runScenario" description="Runs Cucumber Scenarios" data-provider="scenarios" finished-at="2025-06-24T00:38:17 IST" duration-ms="5548" status="PASS">
          <params>
            <param index="0">
              <value>
                <![CDATA["Verify Developer Console link opens the Vahana Account page."]]>
              </value>
            </param>
            <param index="1">
              <value>
                <![CDATA["Optional[Verify vHub Header Navigation Links]"]]>
              </value>
            </param>
          </params>
          <reporter-output>
          </reporter-output>
        </test-method> <!-- runScenario -->
        <test-method signature="runScenario(io.cucumber.testng.PickleWrapper,io.cucumber.testng.FeatureWrapper)[pri:0, instance:cucumberOptions.TestNGTestRunner@618b19ad]" started-at="2025-06-24T00:38:17 IST" name="runScenario" description="Runs Cucumber Scenarios" data-provider="scenarios" finished-at="2025-06-24T00:38:24 IST" duration-ms="6402" status="PASS">
          <params>
            <param index="0">
              <value>
                <![CDATA["Verify Documentation link opens the Vahana Academy page."]]>
              </value>
            </param>
            <param index="1">
              <value>
                <![CDATA["Optional[Verify vHub Header Navigation Links]"]]>
              </value>
            </param>
          </params>
          <reporter-output>
          </reporter-output>
        </test-method> <!-- runScenario -->
        <test-method signature="runScenario(io.cucumber.testng.PickleWrapper,io.cucumber.testng.FeatureWrapper)[pri:0, instance:cucumberOptions.TestNGTestRunner@618b19ad]" started-at="2025-06-24T00:38:24 IST" name="runScenario" description="Runs Cucumber Scenarios" data-provider="scenarios" finished-at="2025-06-24T00:38:31 IST" duration-ms="7534" status="PASS">
          <params>
            <param index="0">
              <value>
                <![CDATA["Verify Vahana Community link opens the Community page."]]>
              </value>
            </param>
            <param index="1">
              <value>
                <![CDATA["Optional[Verify vHub Header Navigation Links]"]]>
              </value>
            </param>
          </params>
          <reporter-output>
          </reporter-output>
        </test-method> <!-- runScenario -->
        <test-method signature="runScenario(io.cucumber.testng.PickleWrapper,io.cucumber.testng.FeatureWrapper)[pri:0, instance:cucumberOptions.TestNGTestRunner@618b19ad]" started-at="2025-06-24T00:38:31 IST" name="runScenario" description="Runs Cucumber Scenarios" data-provider="scenarios" finished-at="2025-06-24T00:38:37 IST" duration-ms="5788" status="PASS">
          <params>
            <param index="0">
              <value>
                <![CDATA["Verify Search Experience for Asset type App on home page"]]>
              </value>
            </param>
            <param index="1">
              <value>
                <![CDATA["Optional[Verify navigate to vHub Landing page and search the Asset from search bar.]"]]>
              </value>
            </param>
          </params>
          <reporter-output>
          </reporter-output>
        </test-method> <!-- runScenario -->
        <test-method is-config="true" signature="tearDownClass()[pri:0, instance:cucumberOptions.TestNGTestRunner@618b19ad]" started-at="2025-06-24T00:38:37 IST" name="tearDownClass" finished-at="2025-06-24T00:38:38 IST" duration-ms="732" status="PASS">
          <reporter-output>
          </reporter-output>
        </test-method> <!-- tearDownClass -->
      </class> <!-- cucumberOptions.TestNGTestRunner -->
    </test> <!-- Default test -->
  </suite> <!-- Default suite -->
</testng-results>
