<?xml version="1.0" encoding="UTF-8"?>
<testng-results ignored="0" total="8" passed="7" failed="1" skipped="0">
  <reporter-output>
  </reporter-output>
  <suite started-at="2025-06-23T23:22:50 IST" name="Default suite" finished-at="2025-06-23T23:24:17 IST" duration-ms="87568">
    <groups>
      <group name="cucumber">
        <method signature="AbstractTestNGCucumberTests.runScenario(io.cucumber.testng.PickleWrapper,io.cucumber.testng.FeatureWrapper)[pri:0, instance:cucumberOptions.TestNGTestRunner@618b19ad]" name="runScenario" class="io.cucumber.testng.AbstractTestNGCucumberTests"/>
      </group> <!-- cucumber -->
    </groups>
    <test started-at="2025-06-23T23:22:50 IST" name="Default test" finished-at="2025-06-23T23:24:17 IST" duration-ms="87568">
      <class name="cucumberOptions.TestNGTestRunner">
        <test-method is-config="true" signature="setUpClass(org.testng.ITestContext)[pri:0, instance:cucumberOptions.TestNGTestRunner@618b19ad]" started-at="2025-06-23T23:22:50 IST" name="setUpClass" finished-at="2025-06-23T23:22:51 IST" duration-ms="1529" status="PASS">
          <params>
            <param index="0">
              <value>
                <![CDATA[org.testng.TestRunner@42cf5a6f]]>
              </value>
            </param>
          </params>
          <reporter-output>
          </reporter-output>
        </test-method> <!-- setUpClass -->
        <test-method signature="runScenario(io.cucumber.testng.PickleWrapper,io.cucumber.testng.FeatureWrapper)[pri:0, instance:cucumberOptions.TestNGTestRunner@618b19ad]" started-at="2025-06-23T23:22:51 IST" name="runScenario" description="Runs Cucumber Scenarios" data-provider="scenarios" finished-at="2025-06-23T23:23:09 IST" duration-ms="17443" status="PASS">
          <params>
            <param index="0">
              <value>
                <![CDATA["Veirfy Successfully navigate to vBank Landing Page after login"]]>
              </value>
            </param>
            <param index="1">
              <value>
                <![CDATA["Optional[Verify navigate to vBank Landing Page successfully.]"]]>
              </value>
            </param>
          </params>
          <reporter-output>
          </reporter-output>
        </test-method> <!-- runScenario -->
        <test-method signature="runScenario(io.cucumber.testng.PickleWrapper,io.cucumber.testng.FeatureWrapper)[pri:0, instance:cucumberOptions.TestNGTestRunner@618b19ad]" started-at="2025-06-23T23:23:09 IST" name="runScenario" description="Runs Cucumber Scenarios" data-provider="scenarios" finished-at="2025-06-23T23:23:31 IST" duration-ms="22363" status="PASS">
          <params>
            <param index="0">
              <value>
                <![CDATA["Verify Fill all required fields and publish the app to Sandbox."]]>
              </value>
            </param>
            <param index="1">
              <value>
                <![CDATA["Optional[Verify Publish app to Sandbox successfully.]"]]>
              </value>
            </param>
          </params>
          <reporter-output>
          </reporter-output>
        </test-method> <!-- runScenario -->
        <test-method signature="runScenario(io.cucumber.testng.PickleWrapper,io.cucumber.testng.FeatureWrapper)[pri:0, instance:cucumberOptions.TestNGTestRunner@618b19ad]" started-at="2025-06-23T23:23:31 IST" name="runScenario" description="Runs Cucumber Scenarios" data-provider="scenarios" finished-at="2025-06-23T23:23:49 IST" duration-ms="18183" status="FAIL">
          <params>
            <param index="0">
              <value>
                <![CDATA["Successfully navigate to the Runtime environment after login"]]>
              </value>
            </param>
            <param index="1">
              <value>
                <![CDATA["Optional[Verify navigation from Control Plane to Runtime Environment]"]]>
              </value>
            </param>
          </params>
          <exception class="java.lang.AssertionError">
            <message>
              <![CDATA[Incorrect Runtime URL expected [https://decimal-vhub.vahanacloud.xyz] but found [https://decimal-vhub.vahanacloud.xyz/]]]>
            </message>
            <full-stacktrace>
              <![CDATA[java.lang.AssertionError: Incorrect Runtime URL expected [https://decimal-vhub.vahanacloud.xyz] but found [https://decimal-vhub.vahanacloud.xyz/]
at org.testng.Assert.fail(Assert.java:99)
at org.testng.Assert.failNotEquals(Assert.java:1037)
at org.testng.Assert.assertEqualsImpl(Assert.java:140)
at org.testng.Assert.assertEquals(Assert.java:122)
at org.testng.Assert.assertEquals(Assert.java:629)
at pageObjects.VBankLandingPage.verifyRuntimeUrl(VBankLandingPage.java:50)
at stepDefinitions.VBankRunTimeSD.the_system_should_redirect_the_user_to_the_runtime_environment(VBankRunTimeSD.java:67)
at ✽.the system should redirect the user to the Runtime environment(file:///C:/Users/Akshay%20rajput/Downloads/CucumberFramework/CucumberFramework/src/test/java/features/VBankRunTime.feature:8)
]]>
            </full-stacktrace>
          </exception> <!-- java.lang.AssertionError -->
          <reporter-output>
          </reporter-output>
        </test-method> <!-- runScenario -->
        <test-method signature="runScenario(io.cucumber.testng.PickleWrapper,io.cucumber.testng.FeatureWrapper)[pri:0, instance:cucumberOptions.TestNGTestRunner@618b19ad]" started-at="2025-06-23T23:23:49 IST" name="runScenario" description="Runs Cucumber Scenarios" data-provider="scenarios" finished-at="2025-06-23T23:23:54 IST" duration-ms="4276" status="PASS">
          <params>
            <param index="0">
              <value>
                <![CDATA["Verify Navigate to Top Use Cases from the banner image."]]>
              </value>
            </param>
            <param index="1">
              <value>
                <![CDATA["Optional[Verify Explore Top Use Cases from Banner.]"]]>
              </value>
            </param>
          </params>
          <reporter-output>
          </reporter-output>
        </test-method> <!-- runScenario -->
        <test-method signature="runScenario(io.cucumber.testng.PickleWrapper,io.cucumber.testng.FeatureWrapper)[pri:0, instance:cucumberOptions.TestNGTestRunner@618b19ad]" started-at="2025-06-23T23:23:54 IST" name="runScenario" description="Runs Cucumber Scenarios" data-provider="scenarios" finished-at="2025-06-23T23:23:59 IST" duration-ms="5279" status="PASS">
          <params>
            <param index="0">
              <value>
                <![CDATA["Verify Developer Console link opens the Vahana Account page."]]>
              </value>
            </param>
            <param index="1">
              <value>
                <![CDATA["Optional[Verify vHub Header Navigation Links]"]]>
              </value>
            </param>
          </params>
          <reporter-output>
          </reporter-output>
        </test-method> <!-- runScenario -->
        <test-method signature="runScenario(io.cucumber.testng.PickleWrapper,io.cucumber.testng.FeatureWrapper)[pri:0, instance:cucumberOptions.TestNGTestRunner@618b19ad]" started-at="2025-06-23T23:23:59 IST" name="runScenario" description="Runs Cucumber Scenarios" data-provider="scenarios" finished-at="2025-06-23T23:24:05 IST" duration-ms="5696" status="PASS">
          <params>
            <param index="0">
              <value>
                <![CDATA["Verify Documentation link opens the Vahana Academy page."]]>
              </value>
            </param>
            <param index="1">
              <value>
                <![CDATA["Optional[Verify vHub Header Navigation Links]"]]>
              </value>
            </param>
          </params>
          <reporter-output>
          </reporter-output>
        </test-method> <!-- runScenario -->
        <test-method signature="runScenario(io.cucumber.testng.PickleWrapper,io.cucumber.testng.FeatureWrapper)[pri:0, instance:cucumberOptions.TestNGTestRunner@618b19ad]" started-at="2025-06-23T23:24:05 IST" name="runScenario" description="Runs Cucumber Scenarios" data-provider="scenarios" finished-at="2025-06-23T23:24:11 IST" duration-ms="6375" status="PASS">
          <params>
            <param index="0">
              <value>
                <![CDATA["Verify Vahana Community link opens the Community page."]]>
              </value>
            </param>
            <param index="1">
              <value>
                <![CDATA["Optional[Verify vHub Header Navigation Links]"]]>
              </value>
            </param>
          </params>
          <reporter-output>
          </reporter-output>
        </test-method> <!-- runScenario -->
        <test-method signature="runScenario(io.cucumber.testng.PickleWrapper,io.cucumber.testng.FeatureWrapper)[pri:0, instance:cucumberOptions.TestNGTestRunner@618b19ad]" started-at="2025-06-23T23:24:11 IST" name="runScenario" description="Runs Cucumber Scenarios" data-provider="scenarios" finished-at="2025-06-23T23:24:17 IST" duration-ms="5619" status="PASS">
          <params>
            <param index="0">
              <value>
                <![CDATA["Verify Search Experience for Asset type App on home page"]]>
              </value>
            </param>
            <param index="1">
              <value>
                <![CDATA["Optional[Verify navigate to vHub Landing page and search the Asset from search bar.]"]]>
              </value>
            </param>
          </params>
          <reporter-output>
          </reporter-output>
        </test-method> <!-- runScenario -->
        <test-method is-config="true" signature="tearDownClass()[pri:0, instance:cucumberOptions.TestNGTestRunner@618b19ad]" started-at="2025-06-23T23:24:17 IST" name="tearDownClass" finished-at="2025-06-23T23:24:17 IST" duration-ms="750" status="PASS">
          <reporter-output>
          </reporter-output>
        </test-method> <!-- tearDownClass -->
      </class> <!-- cucumberOptions.TestNGTestRunner -->
    </test> <!-- Default test -->
  </suite> <!-- Default suite -->
</testng-results>
