<?xml version="1.0" encoding="UTF-8"?>
<testng-results ignored="0" total="47" passed="42" failed="5" skipped="0">
  <reporter-output>
  </reporter-output>
  <suite started-at="2025-08-01T11:42:07 IST" name="Default suite" finished-at="2025-08-01T11:51:55 IST" duration-ms="587162">
    <groups>
    </groups>
    <test started-at="2025-08-01T11:42:07 IST" name="Default test" finished-at="2025-08-01T11:51:55 IST" duration-ms="587162">
      <class name="cucumberOptions.TestNGTestRunner">
        <test-method is-config="true" signature="setUpClass(org.testng.ITestContext)[pri:0, instance:cucumberOptions.TestNGTestRunner@36fc695d]" started-at="2025-08-01T11:42:08 IST" name="setUpClass" finished-at="2025-08-01T11:42:12 IST" duration-ms="4463" status="PASS">
          <params>
            <param index="0">
              <value>
                <![CDATA[org.testng.TestRunner@16ea22bd]]>
              </value>
            </param>
          </params>
          <reporter-output>
          </reporter-output>
        </test-method> <!-- setUpClass -->
        <test-method signature="runScenario(io.cucumber.testng.PickleWrapper,io.cucumber.testng.FeatureWrapper)[pri:0, instance:cucumberOptions.TestNGTestRunner@36fc695d]" started-at="2025-08-01T11:42:12 IST" name="runScenario" data-provider="scenarios" finished-at="2025-08-01T11:42:27 IST" duration-ms="14817" status="PASS">
          <params>
            <param index="0">
              <value>
                <![CDATA["User navigates through all tabs on the API Asset Detail page"]]>
              </value>
            </param>
            <param index="1">
              <value>
                <![CDATA["Optional[API Asset Detail Page - Tab Navigation]"]]>
              </value>
            </param>
          </params>
          <reporter-output>
          </reporter-output>
        </test-method> <!-- runScenario -->
        <test-method signature="runScenario(io.cucumber.testng.PickleWrapper,io.cucumber.testng.FeatureWrapper)[pri:0, instance:cucumberOptions.TestNGTestRunner@36fc695d]" started-at="2025-08-01T11:42:27 IST" name="runScenario" data-provider="scenarios" finished-at="2025-08-01T11:42:34 IST" duration-ms="7445" status="PASS">
          <params>
            <param index="0">
              <value>
                <![CDATA["Verify that the user can successfully subscribe to an API by swagger"]]>
              </value>
            </param>
            <param index="1">
              <value>
                <![CDATA["Optional[API Subscription Functionality]"]]>
              </value>
            </param>
          </params>
          <reporter-output>
          </reporter-output>
        </test-method> <!-- runScenario -->
        <test-method signature="runScenario(io.cucumber.testng.PickleWrapper,io.cucumber.testng.FeatureWrapper)[pri:0, instance:cucumberOptions.TestNGTestRunner@36fc695d]" started-at="2025-08-01T11:42:34 IST" name="runScenario" data-provider="scenarios" finished-at="2025-08-01T11:42:42 IST" duration-ms="7174" status="PASS">
          <params>
            <param index="0">
              <value>
                <![CDATA["Verify that the user can successfully subscribe to an API by Postman"]]>
              </value>
            </param>
            <param index="1">
              <value>
                <![CDATA["Optional[API Subscription Functionality]"]]>
              </value>
            </param>
          </params>
          <reporter-output>
          </reporter-output>
        </test-method> <!-- runScenario -->
        <test-method signature="runScenario(io.cucumber.testng.PickleWrapper,io.cucumber.testng.FeatureWrapper)[pri:0, instance:cucumberOptions.TestNGTestRunner@36fc695d]" started-at="2025-08-01T11:42:42 IST" name="runScenario" data-provider="scenarios" finished-at="2025-08-01T11:42:49 IST" duration-ms="7232" status="PASS">
          <params>
            <param index="0">
              <value>
                <![CDATA["User successfully logs out from vHub"]]>
              </value>
            </param>
            <param index="1">
              <value>
                <![CDATA["Optional[Verify user logout functionality from vHub and vBank]"]]>
              </value>
            </param>
          </params>
          <reporter-output>
          </reporter-output>
        </test-method> <!-- runScenario -->
        <test-method signature="runScenario(io.cucumber.testng.PickleWrapper,io.cucumber.testng.FeatureWrapper)[pri:0, instance:cucumberOptions.TestNGTestRunner@36fc695d]" started-at="2025-08-01T11:42:49 IST" name="runScenario" data-provider="scenarios" finished-at="2025-08-01T11:42:57 IST" duration-ms="8429" status="PASS">
          <params>
            <param index="0">
              <value>
                <![CDATA["User successfully logs out from vBank"]]>
              </value>
            </param>
            <param index="1">
              <value>
                <![CDATA["Optional[Verify user logout functionality from vHub and vBank]"]]>
              </value>
            </param>
          </params>
          <reporter-output>
          </reporter-output>
        </test-method> <!-- runScenario -->
        <test-method signature="runScenario(io.cucumber.testng.PickleWrapper,io.cucumber.testng.FeatureWrapper)[pri:0, instance:cucumberOptions.TestNGTestRunner@36fc695d]" started-at="2025-08-01T11:42:57 IST" name="runScenario" data-provider="scenarios" finished-at="2025-08-01T11:43:03 IST" duration-ms="5507" status="FAIL">
          <params>
            <param index="0">
              <value>
                <![CDATA["User should be able to download Postman JSON from the Asset Detail page"]]>
              </value>
            </param>
            <param index="1">
              <value>
                <![CDATA["Optional[API Asset Detail - Postman Collection Download]"]]>
              </value>
            </param>
          </params>
          <exception class="org.openqa.selenium.StaleElementReferenceException">
            <message>
              <![CDATA[stale element reference: stale element not found in the current frame
  (Session info: chrome=137.0.7151.69)
For documentation on this error, please visit: https://selenium.dev/exceptions/#stale_element_reference
Build info: version: '4.1.1', revision: 'e8fcc2cecf'
System info: host: 'DEC1128', ip: '192.168.1.23', os.name: 'Windows 10', os.arch: 'amd64', os.version: '10.0', java.version: '17.0.14'
Driver info: org.openqa.selenium.chrome.ChromeDriver
Command: [267865c1e5db2e1e68338364f25ca0a2, executeScript {script=arguments[0].click();, args=[{ELEMENT=f.B7BCE58A5C2F1261DDC994355761A90D.d.877E84F445D33913DC3C7DE5CE988636.e.72, element-6066-11e4-a52e-4f735466cecf=f.B7BCE58A5C2F1261DDC994355761A90D.d.877E84F445D33913DC3C7DE5CE988636.e.72}]}]
Capabilities {acceptInsecureCerts: false, browserName: chrome, browserVersion: 137.0.7151.69, chrome: {chromedriverVersion: 137.0.7151.68 (2989ffee9373..., userDataDir: C:\Users\AKSHAY~1\AppData\L...}, fedcm:accounts: true, goog:chromeOptions: {debuggerAddress: localhost:53079}, javascriptEnabled: true, networkConnectionEnabled: false, pageLoadStrategy: normal, platform: WINDOWS, platformName: WINDOWS, proxy: Proxy(), se:cdp: ws://localhost:53079/devtoo..., se:cdpVersion: 137.0.7151.69, setWindowRect: true, strictFileInteractability: false, timeouts: {implicit: 0, pageLoad: 300000, script: 30000}, unhandledPromptBehavior: dismiss and notify, webauthn:extension:credBlob: true, webauthn:extension:largeBlob: true, webauthn:extension:minPinLength: true, webauthn:extension:prf: true, webauthn:virtualAuthenticators: true}
Session ID: 267865c1e5db2e1e68338364f25ca0a2]]>
            </message>
            <full-stacktrace>
              <![CDATA[org.openqa.selenium.StaleElementReferenceException: stale element reference: stale element not found in the current frame
  (Session info: chrome=137.0.7151.69)
For documentation on this error, please visit: https://selenium.dev/exceptions/#stale_element_reference
Build info: version: '4.1.1', revision: 'e8fcc2cecf'
System info: host: 'DEC1128', ip: '192.168.1.23', os.name: 'Windows 10', os.arch: 'amd64', os.version: '10.0', java.version: '17.0.14'
Driver info: org.openqa.selenium.chrome.ChromeDriver
Command: [267865c1e5db2e1e68338364f25ca0a2, executeScript {script=arguments[0].click();, args=[{ELEMENT=f.B7BCE58A5C2F1261DDC994355761A90D.d.877E84F445D33913DC3C7DE5CE988636.e.72, element-6066-11e4-a52e-4f735466cecf=f.B7BCE58A5C2F1261DDC994355761A90D.d.877E84F445D33913DC3C7DE5CE988636.e.72}]}]
Capabilities {acceptInsecureCerts: false, browserName: chrome, browserVersion: 137.0.7151.69, chrome: {chromedriverVersion: 137.0.7151.68 (2989ffee9373..., userDataDir: C:\Users\AKSHAY~1\AppData\L...}, fedcm:accounts: true, goog:chromeOptions: {debuggerAddress: localhost:53079}, javascriptEnabled: true, networkConnectionEnabled: false, pageLoadStrategy: normal, platform: WINDOWS, platformName: WINDOWS, proxy: Proxy(), se:cdp: ws://localhost:53079/devtoo..., se:cdpVersion: 137.0.7151.69, setWindowRect: true, strictFileInteractability: false, timeouts: {implicit: 0, pageLoad: 300000, script: 30000}, unhandledPromptBehavior: dismiss and notify, webauthn:extension:credBlob: true, webauthn:extension:largeBlob: true, webauthn:extension:minPinLength: true, webauthn:extension:prf: true, webauthn:virtualAuthenticators: true}
Session ID: 267865c1e5db2e1e68338364f25ca0a2
at java.base/jdk.internal.reflect.NativeConstructorAccessorImpl.newInstance0(Native Method)
at java.base/jdk.internal.reflect.NativeConstructorAccessorImpl.newInstance(NativeConstructorAccessorImpl.java:77)
at java.base/jdk.internal.reflect.DelegatingConstructorAccessorImpl.newInstance(DelegatingConstructorAccessorImpl.java:45)
at java.base/java.lang.reflect.Constructor.newInstanceWithCaller(Constructor.java:499)
at java.base/java.lang.reflect.Constructor.newInstance(Constructor.java:480)
at org.openqa.selenium.remote.codec.w3c.W3CHttpResponseCodec.createException(W3CHttpResponseCodec.java:200)
at org.openqa.selenium.remote.codec.w3c.W3CHttpResponseCodec.decode(W3CHttpResponseCodec.java:133)
at org.openqa.selenium.remote.codec.w3c.W3CHttpResponseCodec.decode(W3CHttpResponseCodec.java:53)
at org.openqa.selenium.remote.HttpCommandExecutor.execute(HttpCommandExecutor.java:184)
at org.openqa.selenium.remote.service.DriverCommandExecutor.invokeExecute(DriverCommandExecutor.java:167)
at org.openqa.selenium.remote.service.DriverCommandExecutor.execute(DriverCommandExecutor.java:142)
at org.openqa.selenium.remote.RemoteWebDriver.execute(RemoteWebDriver.java:543)
at org.openqa.selenium.remote.RemoteWebDriver.executeScript(RemoteWebDriver.java:477)
at pageObjects.VHubLandingPage.click_On_API_Card(VHubLandingPage.java:162)
at stepDefinitions.PostmanJsonSD.the_user_searches_for_a_specific_api_and_navigates_to_its_asset_detail_page(PostmanJsonSD.java:41)
at ✽.the user searches for a specific API and navigates to its Asset Detail page(file:///C:/Users/Akshay%20rajput/Downloads/CucumberFramework/CucumberFramework/src/test/java/features/PostmanJSON.feature:6)
]]>
            </full-stacktrace>
          </exception> <!-- org.openqa.selenium.StaleElementReferenceException -->
          <reporter-output>
          </reporter-output>
        </test-method> <!-- runScenario -->
        <test-method signature="runScenario(io.cucumber.testng.PickleWrapper,io.cucumber.testng.FeatureWrapper)[pri:0, instance:cucumberOptions.TestNGTestRunner@36fc695d]" started-at="2025-08-01T11:43:03 IST" name="runScenario" data-provider="scenarios" finished-at="2025-08-01T11:43:10 IST" duration-ms="6799" status="PASS">
          <params>
            <param index="0">
              <value>
                <![CDATA["Veirfy Successfully navigate to vBank Landing Page after login"]]>
              </value>
            </param>
            <param index="1">
              <value>
                <![CDATA["Optional[Verify navigate to vBank Landing Page successfully.]"]]>
              </value>
            </param>
          </params>
          <reporter-output>
          </reporter-output>
        </test-method> <!-- runScenario -->
        <test-method signature="runScenario(io.cucumber.testng.PickleWrapper,io.cucumber.testng.FeatureWrapper)[pri:0, instance:cucumberOptions.TestNGTestRunner@36fc695d]" started-at="2025-08-01T11:43:10 IST" name="runScenario" data-provider="scenarios" finished-at="2025-08-01T11:43:21 IST" duration-ms="11277" status="PASS">
          <params>
            <param index="0">
              <value>
                <![CDATA["Verify Fill all required fields and publish the app to Sandbox."]]>
              </value>
            </param>
            <param index="1">
              <value>
                <![CDATA["Optional[Verify Publish app to Sandbox successfully.]"]]>
              </value>
            </param>
          </params>
          <reporter-output>
          </reporter-output>
        </test-method> <!-- runScenario -->
        <test-method signature="runScenario(io.cucumber.testng.PickleWrapper,io.cucumber.testng.FeatureWrapper)[pri:0, instance:cucumberOptions.TestNGTestRunner@36fc695d]" started-at="2025-08-01T11:43:21 IST" name="runScenario" data-provider="scenarios" finished-at="2025-08-01T11:44:22 IST" duration-ms="61456" status="FAIL">
          <params>
            <param index="0">
              <value>
                <![CDATA["Verify publishing a sandbox app with all consent languages using Rich HTML text"]]>
              </value>
            </param>
            <param index="1">
              <value>
                <![CDATA["Optional[Verify Publish app to Sandbox successfully.]"]]>
              </value>
            </param>
          </params>
          <exception class="org.openqa.selenium.StaleElementReferenceException">
            <message>
              <![CDATA[stale element reference: stale element not found in the current frame
  (Session info: chrome=137.0.7151.69)
For documentation on this error, please visit: https://selenium.dev/exceptions/#stale_element_reference
Build info: version: '4.1.1', revision: 'e8fcc2cecf'
System info: host: 'DEC1128', ip: '192.168.1.23', os.name: 'Windows 10', os.arch: 'amd64', os.version: '10.0', java.version: '17.0.14'
Driver info: org.openqa.selenium.chrome.ChromeDriver
Command: [b8e0b756be8579c287279378ae4fc818, executeScript {script=arguments[0].click();, args=[{ELEMENT=f.4D83CC14C64185571E1E4224A92146FD.d.6D6C7499971AEF25030D8894A85DAE56.e.418, element-6066-11e4-a52e-4f735466cecf=f.4D83CC14C64185571E1E4224A92146FD.d.6D6C7499971AEF25030D8894A85DAE56.e.418}]}]
Capabilities {acceptInsecureCerts: false, browserName: chrome, browserVersion: 137.0.7151.69, chrome: {chromedriverVersion: 137.0.7151.68 (2989ffee9373..., userDataDir: C:\Users\AKSHAY~1\AppData\L...}, fedcm:accounts: true, goog:chromeOptions: {debuggerAddress: localhost:53199}, javascriptEnabled: true, networkConnectionEnabled: false, pageLoadStrategy: normal, platform: WINDOWS, platformName: WINDOWS, proxy: Proxy(), se:cdp: ws://localhost:53199/devtoo..., se:cdpVersion: 137.0.7151.69, setWindowRect: true, strictFileInteractability: false, timeouts: {implicit: 0, pageLoad: 300000, script: 30000}, unhandledPromptBehavior: dismiss and notify, webauthn:extension:credBlob: true, webauthn:extension:largeBlob: true, webauthn:extension:minPinLength: true, webauthn:extension:prf: true, webauthn:virtualAuthenticators: true}
Session ID: b8e0b756be8579c287279378ae4fc818]]>
            </message>
            <full-stacktrace>
              <![CDATA[org.openqa.selenium.StaleElementReferenceException: stale element reference: stale element not found in the current frame
  (Session info: chrome=137.0.7151.69)
For documentation on this error, please visit: https://selenium.dev/exceptions/#stale_element_reference
Build info: version: '4.1.1', revision: 'e8fcc2cecf'
System info: host: 'DEC1128', ip: '192.168.1.23', os.name: 'Windows 10', os.arch: 'amd64', os.version: '10.0', java.version: '17.0.14'
Driver info: org.openqa.selenium.chrome.ChromeDriver
Command: [b8e0b756be8579c287279378ae4fc818, executeScript {script=arguments[0].click();, args=[{ELEMENT=f.4D83CC14C64185571E1E4224A92146FD.d.6D6C7499971AEF25030D8894A85DAE56.e.418, element-6066-11e4-a52e-4f735466cecf=f.4D83CC14C64185571E1E4224A92146FD.d.6D6C7499971AEF25030D8894A85DAE56.e.418}]}]
Capabilities {acceptInsecureCerts: false, browserName: chrome, browserVersion: 137.0.7151.69, chrome: {chromedriverVersion: 137.0.7151.68 (2989ffee9373..., userDataDir: C:\Users\AKSHAY~1\AppData\L...}, fedcm:accounts: true, goog:chromeOptions: {debuggerAddress: localhost:53199}, javascriptEnabled: true, networkConnectionEnabled: false, pageLoadStrategy: normal, platform: WINDOWS, platformName: WINDOWS, proxy: Proxy(), se:cdp: ws://localhost:53199/devtoo..., se:cdpVersion: 137.0.7151.69, setWindowRect: true, strictFileInteractability: false, timeouts: {implicit: 0, pageLoad: 300000, script: 30000}, unhandledPromptBehavior: dismiss and notify, webauthn:extension:credBlob: true, webauthn:extension:largeBlob: true, webauthn:extension:minPinLength: true, webauthn:extension:prf: true, webauthn:virtualAuthenticators: true}
Session ID: b8e0b756be8579c287279378ae4fc818
at java.base/jdk.internal.reflect.NativeConstructorAccessorImpl.newInstance0(Native Method)
at java.base/jdk.internal.reflect.NativeConstructorAccessorImpl.newInstance(NativeConstructorAccessorImpl.java:77)
at java.base/jdk.internal.reflect.DelegatingConstructorAccessorImpl.newInstance(DelegatingConstructorAccessorImpl.java:45)
at java.base/java.lang.reflect.Constructor.newInstanceWithCaller(Constructor.java:499)
at java.base/java.lang.reflect.Constructor.newInstance(Constructor.java:480)
at org.openqa.selenium.remote.codec.w3c.W3CHttpResponseCodec.createException(W3CHttpResponseCodec.java:200)
at org.openqa.selenium.remote.codec.w3c.W3CHttpResponseCodec.decode(W3CHttpResponseCodec.java:133)
at org.openqa.selenium.remote.codec.w3c.W3CHttpResponseCodec.decode(W3CHttpResponseCodec.java:53)
at org.openqa.selenium.remote.HttpCommandExecutor.execute(HttpCommandExecutor.java:184)
at org.openqa.selenium.remote.service.DriverCommandExecutor.invokeExecute(DriverCommandExecutor.java:167)
at org.openqa.selenium.remote.service.DriverCommandExecutor.execute(DriverCommandExecutor.java:142)
at org.openqa.selenium.remote.RemoteWebDriver.execute(RemoteWebDriver.java:543)
at org.openqa.selenium.remote.RemoteWebDriver.executeScript(RemoteWebDriver.java:477)
at pageObjects.VBankConsentConfiguration.selectConsentType15(VBankConsentConfiguration.java:625)
at stepDefinitions.VBankPublishAppSD.the_user_fills_in_all_required_fields_on_the_consent_configuration_page_with_consent_notice_text_in_each_selected_language_using_rich_html(VBankPublishAppSD.java:264)
at ✽.the user fills in all required fields on the Consent Configuration page with consent notice text in each selected language using Rich HTML(file:///C:/Users/Akshay%20rajput/Downloads/CucumberFramework/CucumberFramework/src/test/java/features/VBankPublishApp.feature:22)
]]>
            </full-stacktrace>
          </exception> <!-- org.openqa.selenium.StaleElementReferenceException -->
          <reporter-output>
          </reporter-output>
        </test-method> <!-- runScenario -->
        <test-method signature="runScenario(io.cucumber.testng.PickleWrapper,io.cucumber.testng.FeatureWrapper)[pri:0, instance:cucumberOptions.TestNGTestRunner@36fc695d]" started-at="2025-08-01T11:44:22 IST" name="runScenario" data-provider="scenarios" finished-at="2025-08-01T11:44:31 IST" duration-ms="8497" status="PASS">
          <params>
            <param index="0">
              <value>
                <![CDATA["Navigate to the Runtime Sandbox environment via Access to Sandbox button"]]>
              </value>
            </param>
            <param index="1">
              <value>
                <![CDATA["Optional[Verify Navigation from Control Plane to Runtime Environment]"]]>
              </value>
            </param>
          </params>
          <reporter-output>
          </reporter-output>
        </test-method> <!-- runScenario -->
        <test-method signature="runScenario(io.cucumber.testng.PickleWrapper,io.cucumber.testng.FeatureWrapper)[pri:0, instance:cucumberOptions.TestNGTestRunner@36fc695d]" started-at="2025-08-01T11:44:31 IST" name="runScenario" data-provider="scenarios" finished-at="2025-08-01T11:44:41 IST" duration-ms="10389" status="PASS">
          <params>
            <param index="0">
              <value>
                <![CDATA["Navigate to the Runtime Production environment via Access to Production button"]]>
              </value>
            </param>
            <param index="1">
              <value>
                <![CDATA["Optional[Verify Navigation from Control Plane to Runtime Environment]"]]>
              </value>
            </param>
          </params>
          <reporter-output>
          </reporter-output>
        </test-method> <!-- runScenario -->
        <test-method signature="runScenario(io.cucumber.testng.PickleWrapper,io.cucumber.testng.FeatureWrapper)[pri:0, instance:cucumberOptions.TestNGTestRunner@36fc695d]" started-at="2025-08-01T11:44:41 IST" name="runScenario" data-provider="scenarios" finished-at="2025-08-01T11:44:48 IST" duration-ms="6529" status="PASS">
          <params>
            <param index="0">
              <value>
                <![CDATA["User navigates through all tabs on the App Asset Detail page"]]>
              </value>
            </param>
            <param index="1">
              <value>
                <![CDATA["Optional[App Asset Detail Page - Tab Navigation]"]]>
              </value>
            </param>
          </params>
          <reporter-output>
          </reporter-output>
        </test-method> <!-- runScenario -->
        <test-method signature="runScenario(io.cucumber.testng.PickleWrapper,io.cucumber.testng.FeatureWrapper)[pri:0, instance:cucumberOptions.TestNGTestRunner@36fc695d]" started-at="2025-08-01T11:44:48 IST" name="runScenario" data-provider="scenarios" finished-at="2025-08-01T11:44:54 IST" duration-ms="5932" status="PASS">
          <params>
            <param index="0">
              <value>
                <![CDATA["Verify the Trending Explore All Assets"]]>
              </value>
            </param>
            <param index="1">
              <value>
                <![CDATA["Optional[Verify Explore All functionality on vHub]"]]>
              </value>
            </param>
          </params>
          <reporter-output>
          </reporter-output>
        </test-method> <!-- runScenario -->
        <test-method signature="runScenario(io.cucumber.testng.PickleWrapper,io.cucumber.testng.FeatureWrapper)[pri:0, instance:cucumberOptions.TestNGTestRunner@36fc695d]" started-at="2025-08-01T11:44:54 IST" name="runScenario" data-provider="scenarios" finished-at="2025-08-01T11:45:04 IST" duration-ms="10756" status="PASS">
          <params>
            <param index="0">
              <value>
                <![CDATA["Verify the Featured Explore All Assets"]]>
              </value>
            </param>
            <param index="1">
              <value>
                <![CDATA["Optional[Verify Explore All functionality on vHub]"]]>
              </value>
            </param>
          </params>
          <reporter-output>
          </reporter-output>
        </test-method> <!-- runScenario -->
        <test-method signature="runScenario(io.cucumber.testng.PickleWrapper,io.cucumber.testng.FeatureWrapper)[pri:0, instance:cucumberOptions.TestNGTestRunner@36fc695d]" started-at="2025-08-01T11:45:04 IST" name="runScenario" data-provider="scenarios" finished-at="2025-08-01T11:45:10 IST" duration-ms="5644" status="PASS">
          <params>
            <param index="0">
              <value>
                <![CDATA["Verify the Most Popular Explore All Assets"]]>
              </value>
            </param>
            <param index="1">
              <value>
                <![CDATA["Optional[Verify Explore All functionality on vHub]"]]>
              </value>
            </param>
          </params>
          <reporter-output>
          </reporter-output>
        </test-method> <!-- runScenario -->
        <test-method signature="runScenario(io.cucumber.testng.PickleWrapper,io.cucumber.testng.FeatureWrapper)[pri:0, instance:cucumberOptions.TestNGTestRunner@36fc695d]" started-at="2025-08-01T11:45:10 IST" name="runScenario" data-provider="scenarios" finished-at="2025-08-01T11:45:25 IST" duration-ms="15409" status="PASS">
          <params>
            <param index="0">
              <value>
                <![CDATA["Verify the Top Use Cases Explore All Assets"]]>
              </value>
            </param>
            <param index="1">
              <value>
                <![CDATA["Optional[Verify Explore All functionality on vHub]"]]>
              </value>
            </param>
          </params>
          <reporter-output>
          </reporter-output>
        </test-method> <!-- runScenario -->
        <test-method signature="runScenario(io.cucumber.testng.PickleWrapper,io.cucumber.testng.FeatureWrapper)[pri:0, instance:cucumberOptions.TestNGTestRunner@36fc695d]" started-at="2025-08-01T11:45:25 IST" name="runScenario" data-provider="scenarios" finished-at="2025-08-01T11:45:41 IST" duration-ms="15229" status="PASS">
          <params>
            <param index="0">
              <value>
                <![CDATA["Verify the Top Partners Explore All Assets"]]>
              </value>
            </param>
            <param index="1">
              <value>
                <![CDATA["Optional[Verify Explore All functionality on vHub]"]]>
              </value>
            </param>
          </params>
          <reporter-output>
          </reporter-output>
        </test-method> <!-- runScenario -->
        <test-method signature="runScenario(io.cucumber.testng.PickleWrapper,io.cucumber.testng.FeatureWrapper)[pri:0, instance:cucumberOptions.TestNGTestRunner@36fc695d]" started-at="2025-08-01T11:45:41 IST" name="runScenario" data-provider="scenarios" finished-at="2025-08-01T11:45:47 IST" duration-ms="5940" status="PASS">
          <params>
            <param index="0">
              <value>
                <![CDATA["Verify Navigate to Top Use Cases from the banner image."]]>
              </value>
            </param>
            <param index="1">
              <value>
                <![CDATA["Optional[Verify Explore Top Use Cases from Banner.]"]]>
              </value>
            </param>
          </params>
          <reporter-output>
          </reporter-output>
        </test-method> <!-- runScenario -->
        <test-method signature="runScenario(io.cucumber.testng.PickleWrapper,io.cucumber.testng.FeatureWrapper)[pri:0, instance:cucumberOptions.TestNGTestRunner@36fc695d]" started-at="2025-08-01T11:45:47 IST" name="runScenario" data-provider="scenarios" finished-at="2025-08-01T11:45:51 IST" duration-ms="4837" status="PASS">
          <params>
            <param index="0">
              <value>
                <![CDATA["Verify Become a Partner link in the footer"]]>
              </value>
            </param>
            <param index="1">
              <value>
                <![CDATA["Optional[Verify Footer Links on vHub]"]]>
              </value>
            </param>
          </params>
          <reporter-output>
          </reporter-output>
        </test-method> <!-- runScenario -->
        <test-method signature="runScenario(io.cucumber.testng.PickleWrapper,io.cucumber.testng.FeatureWrapper)[pri:0, instance:cucumberOptions.TestNGTestRunner@36fc695d]" started-at="2025-08-01T11:45:51 IST" name="runScenario" data-provider="scenarios" finished-at="2025-08-01T11:46:05 IST" duration-ms="13902" status="PASS">
          <params>
            <param index="0">
              <value>
                <![CDATA["Verify Decimal Technologies link under Quick Links"]]>
              </value>
            </param>
            <param index="1">
              <value>
                <![CDATA["Optional[Verify Footer Links on vHub]"]]>
              </value>
            </param>
          </params>
          <reporter-output>
          </reporter-output>
        </test-method> <!-- runScenario -->
        <test-method signature="runScenario(io.cucumber.testng.PickleWrapper,io.cucumber.testng.FeatureWrapper)[pri:0, instance:cucumberOptions.TestNGTestRunner@36fc695d]" started-at="2025-08-01T11:46:05 IST" name="runScenario" data-provider="scenarios" finished-at="2025-08-01T11:46:14 IST" duration-ms="8245" status="PASS">
          <params>
            <param index="0">
              <value>
                <![CDATA["Verify Vahana Cloud link under Quick Links"]]>
              </value>
            </param>
            <param index="1">
              <value>
                <![CDATA["Optional[Verify Footer Links on vHub]"]]>
              </value>
            </param>
          </params>
          <reporter-output>
          </reporter-output>
        </test-method> <!-- runScenario -->
        <test-method signature="runScenario(io.cucumber.testng.PickleWrapper,io.cucumber.testng.FeatureWrapper)[pri:0, instance:cucumberOptions.TestNGTestRunner@36fc695d]" started-at="2025-08-01T11:46:14 IST" name="runScenario" data-provider="scenarios" finished-at="2025-08-01T11:46:21 IST" duration-ms="7837" status="PASS">
          <params>
            <param index="0">
              <value>
                <![CDATA["Verify Contact Us link under Quick Links"]]>
              </value>
            </param>
            <param index="1">
              <value>
                <![CDATA["Optional[Verify Footer Links on vHub]"]]>
              </value>
            </param>
          </params>
          <reporter-output>
          </reporter-output>
        </test-method> <!-- runScenario -->
        <test-method signature="runScenario(io.cucumber.testng.PickleWrapper,io.cucumber.testng.FeatureWrapper)[pri:0, instance:cucumberOptions.TestNGTestRunner@36fc695d]" started-at="2025-08-01T11:46:21 IST" name="runScenario" data-provider="scenarios" finished-at="2025-08-01T11:46:27 IST" duration-ms="5889" status="PASS">
          <params>
            <param index="0">
              <value>
                <![CDATA["Verify Documentation link under Help and Support"]]>
              </value>
            </param>
            <param index="1">
              <value>
                <![CDATA["Optional[Verify Footer Links on vHub]"]]>
              </value>
            </param>
          </params>
          <reporter-output>
          </reporter-output>
        </test-method> <!-- runScenario -->
        <test-method signature="runScenario(io.cucumber.testng.PickleWrapper,io.cucumber.testng.FeatureWrapper)[pri:0, instance:cucumberOptions.TestNGTestRunner@36fc695d]" started-at="2025-08-01T11:46:27 IST" name="runScenario" data-provider="scenarios" finished-at="2025-08-01T11:46:35 IST" duration-ms="7297" status="PASS">
          <params>
            <param index="0">
              <value>
                <![CDATA["Verify Vahana Community link under Help and Support"]]>
              </value>
            </param>
            <param index="1">
              <value>
                <![CDATA["Optional[Verify Footer Links on vHub]"]]>
              </value>
            </param>
          </params>
          <reporter-output>
          </reporter-output>
        </test-method> <!-- runScenario -->
        <test-method signature="runScenario(io.cucumber.testng.PickleWrapper,io.cucumber.testng.FeatureWrapper)[pri:0, instance:cucumberOptions.TestNGTestRunner@36fc695d]" started-at="2025-08-01T11:46:35 IST" name="runScenario" data-provider="scenarios" finished-at="2025-08-01T11:46:39 IST" duration-ms="4649" status="PASS">
          <params>
            <param index="0">
              <value>
                <![CDATA["Verify Vahana Hub Support link under Help and Support"]]>
              </value>
            </param>
            <param index="1">
              <value>
                <![CDATA["Optional[Verify Footer Links on vHub]"]]>
              </value>
            </param>
          </params>
          <reporter-output>
          </reporter-output>
        </test-method> <!-- runScenario -->
        <test-method signature="runScenario(io.cucumber.testng.PickleWrapper,io.cucumber.testng.FeatureWrapper)[pri:0, instance:cucumberOptions.TestNGTestRunner@36fc695d]" started-at="2025-08-01T11:46:39 IST" name="runScenario" data-provider="scenarios" finished-at="2025-08-01T11:46:47 IST" duration-ms="7972" status="PASS">
          <params>
            <param index="0">
              <value>
                <![CDATA["Verify LinkedIn link under Our Social Media"]]>
              </value>
            </param>
            <param index="1">
              <value>
                <![CDATA["Optional[Verify Footer Links on vHub]"]]>
              </value>
            </param>
          </params>
          <reporter-output>
          </reporter-output>
        </test-method> <!-- runScenario -->
        <test-method signature="runScenario(io.cucumber.testng.PickleWrapper,io.cucumber.testng.FeatureWrapper)[pri:0, instance:cucumberOptions.TestNGTestRunner@36fc695d]" started-at="2025-08-01T11:46:47 IST" name="runScenario" data-provider="scenarios" finished-at="2025-08-01T11:46:52 IST" duration-ms="5174" status="FAIL">
          <params>
            <param index="0">
              <value>
                <![CDATA["Verify YouTube link under Our Social Media"]]>
              </value>
            </param>
            <param index="1">
              <value>
                <![CDATA["Optional[Verify Footer Links on vHub]"]]>
              </value>
            </param>
          </params>
          <exception class="java.lang.AssertionError">
            <message>
              <![CDATA[Youtube URL is incorrect: https://youtube.com/@decimaltech?si=hTpSu0lDUN0dSjfQ expected [true] but found [false]]]>
            </message>
            <full-stacktrace>
              <![CDATA[java.lang.AssertionError: Youtube URL is incorrect: https://youtube.com/@decimaltech?si=hTpSu0lDUN0dSjfQ expected [true] but found [false]
at org.testng.Assert.fail(Assert.java:99)
at org.testng.Assert.failNotEquals(Assert.java:1037)
at org.testng.Assert.assertTrue(Assert.java:45)
at pageObjects.VHubFooter.verifyYouTubeLink(VHubFooter.java:141)
at stepDefinitions.VHubFooterSD.the_system_should_navigate_to_the_you_tube_page(VHubFooterSD.java:132)
at ✽.the system should navigate to the YouTube page(file:///C:/Users/Akshay%20rajput/Downloads/CucumberFramework/CucumberFramework/src/test/java/features/VHubFooter.feature:49)
]]>
            </full-stacktrace>
          </exception> <!-- java.lang.AssertionError -->
          <reporter-output>
          </reporter-output>
        </test-method> <!-- runScenario -->
        <test-method signature="runScenario(io.cucumber.testng.PickleWrapper,io.cucumber.testng.FeatureWrapper)[pri:0, instance:cucumberOptions.TestNGTestRunner@36fc695d]" started-at="2025-08-01T11:46:52 IST" name="runScenario" data-provider="scenarios" finished-at="2025-08-01T11:46:58 IST" duration-ms="5533" status="PASS">
          <params>
            <param index="0">
              <value>
                <![CDATA["Verify Developer Console link opens the Vahana Account page."]]>
              </value>
            </param>
            <param index="1">
              <value>
                <![CDATA["Optional[Verify vHub Header Navigation Links]"]]>
              </value>
            </param>
          </params>
          <reporter-output>
          </reporter-output>
        </test-method> <!-- runScenario -->
        <test-method signature="runScenario(io.cucumber.testng.PickleWrapper,io.cucumber.testng.FeatureWrapper)[pri:0, instance:cucumberOptions.TestNGTestRunner@36fc695d]" started-at="2025-08-01T11:46:58 IST" name="runScenario" data-provider="scenarios" finished-at="2025-08-01T11:47:04 IST" duration-ms="5651" status="PASS">
          <params>
            <param index="0">
              <value>
                <![CDATA["Verify Documentation link opens the Vahana Academy page."]]>
              </value>
            </param>
            <param index="1">
              <value>
                <![CDATA["Optional[Verify vHub Header Navigation Links]"]]>
              </value>
            </param>
          </params>
          <reporter-output>
          </reporter-output>
        </test-method> <!-- runScenario -->
        <test-method signature="runScenario(io.cucumber.testng.PickleWrapper,io.cucumber.testng.FeatureWrapper)[pri:0, instance:cucumberOptions.TestNGTestRunner@36fc695d]" started-at="2025-08-01T11:47:04 IST" name="runScenario" data-provider="scenarios" finished-at="2025-08-01T11:47:11 IST" duration-ms="7571" status="PASS">
          <params>
            <param index="0">
              <value>
                <![CDATA["Verify Vahana Community link opens the Community page."]]>
              </value>
            </param>
            <param index="1">
              <value>
                <![CDATA["Optional[Verify vHub Header Navigation Links]"]]>
              </value>
            </param>
          </params>
          <reporter-output>
          </reporter-output>
        </test-method> <!-- runScenario -->
        <test-method signature="runScenario(io.cucumber.testng.PickleWrapper,io.cucumber.testng.FeatureWrapper)[pri:0, instance:cucumberOptions.TestNGTestRunner@36fc695d]" started-at="2025-08-01T11:47:11 IST" name="runScenario" data-provider="scenarios" finished-at="2025-08-01T11:47:16 IST" duration-ms="4930" status="PASS">
          <params>
            <param index="0">
              <value>
                <![CDATA["Verify Search Experience for Asset type App on home page"]]>
              </value>
            </param>
            <param index="1">
              <value>
                <![CDATA["Optional[Verify navigate to vHub Landing page and search the Asset from search bar.]"]]>
              </value>
            </param>
          </params>
          <reporter-output>
          </reporter-output>
        </test-method> <!-- runScenario -->
        <test-method signature="runScenario(io.cucumber.testng.PickleWrapper,io.cucumber.testng.FeatureWrapper)[pri:0, instance:cucumberOptions.TestNGTestRunner@36fc695d]" started-at="2025-08-01T11:47:16 IST" name="runScenario" data-provider="scenarios" finished-at="2025-08-01T11:47:31 IST" duration-ms="15265" status="PASS">
          <params>
            <param index="0">
              <value>
                <![CDATA["View details for Live Status - Service Up"]]>
              </value>
            </param>
            <param index="1">
              <value>
                <![CDATA["Optional[Verify My Subscription functionality]"]]>
              </value>
            </param>
          </params>
          <reporter-output>
          </reporter-output>
        </test-method> <!-- runScenario -->
        <test-method signature="runScenario(io.cucumber.testng.PickleWrapper,io.cucumber.testng.FeatureWrapper)[pri:0, instance:cucumberOptions.TestNGTestRunner@36fc695d]" started-at="2025-08-01T11:47:31 IST" name="runScenario" data-provider="scenarios" finished-at="2025-08-01T11:47:57 IST" duration-ms="25467" status="PASS">
          <params>
            <param index="0">
              <value>
                <![CDATA["Submit Request Support for Live Status - Service Up"]]>
              </value>
            </param>
            <param index="1">
              <value>
                <![CDATA["Optional[Verify My Subscription functionality]"]]>
              </value>
            </param>
          </params>
          <reporter-output>
          </reporter-output>
        </test-method> <!-- runScenario -->
        <test-method signature="runScenario(io.cucumber.testng.PickleWrapper,io.cucumber.testng.FeatureWrapper)[pri:0, instance:cucumberOptions.TestNGTestRunner@36fc695d]" started-at="2025-08-01T11:47:57 IST" name="runScenario" data-provider="scenarios" finished-at="2025-08-01T11:48:17 IST" duration-ms="20467" status="FAIL">
          <params>
            <param index="0">
              <value>
                <![CDATA["Submit Request Production for Live Status - Service Up"]]>
              </value>
            </param>
            <param index="1">
              <value>
                <![CDATA["Optional[Verify My Subscription functionality]"]]>
              </value>
            </param>
          </params>
          <exception class="java.lang.AssertionError">
            <message>
              <![CDATA[Exception occurred while processing Explore Assets or Live Status logic: Expected condition failed: waiting for visibility of element located by By.xpath: //div[@class='popup-header']/h5[normalize-space()='Request Submitted'] (tried for 5 second(s) with 500 milliseconds interval)
Build info: version: '4.1.1', revision: 'e8fcc2cecf'
System info: host: 'DEC1128', ip: '192.168.1.23', os.name: 'Windows 10', os.arch: 'amd64', os.version: '10.0', java.version: '17.0.14'
Driver info: org.openqa.selenium.chrome.ChromeDriver
Capabilities {acceptInsecureCerts: false, browserName: chrome, browserVersion: 137.0.7151.69, chrome: {chromedriverVersion: 137.0.7151.68 (2989ffee9373..., userDataDir: C:\Users\AKSHAY~1\AppData\L...}, fedcm:accounts: true, goog:chromeOptions: {debuggerAddress: localhost:54526}, javascriptEnabled: true, networkConnectionEnabled: false, pageLoadStrategy: normal, platform: WINDOWS, platformName: WINDOWS, proxy: Proxy(), se:cdp: ws://localhost:54526/devtoo..., se:cdpVersion: 137.0.7151.69, setWindowRect: true, strictFileInteractability: false, timeouts: {implicit: 0, pageLoad: 300000, script: 30000}, unhandledPromptBehavior: dismiss and notify, webauthn:extension:credBlob: true, webauthn:extension:largeBlob: true, webauthn:extension:minPinLength: true, webauthn:extension:prf: true, webauthn:virtualAuthenticators: true}
Session ID: 52873ddd369192fbe30d02a5de7e55ee]]>
            </message>
            <full-stacktrace>
              <![CDATA[java.lang.AssertionError: Exception occurred while processing Explore Assets or Live Status logic: Expected condition failed: waiting for visibility of element located by By.xpath: //div[@class='popup-header']/h5[normalize-space()='Request Submitted'] (tried for 5 second(s) with 500 milliseconds interval)
Build info: version: '4.1.1', revision: 'e8fcc2cecf'
System info: host: 'DEC1128', ip: '192.168.1.23', os.name: 'Windows 10', os.arch: 'amd64', os.version: '10.0', java.version: '17.0.14'
Driver info: org.openqa.selenium.chrome.ChromeDriver
Capabilities {acceptInsecureCerts: false, browserName: chrome, browserVersion: 137.0.7151.69, chrome: {chromedriverVersion: 137.0.7151.68 (2989ffee9373..., userDataDir: C:\Users\AKSHAY~1\AppData\L...}, fedcm:accounts: true, goog:chromeOptions: {debuggerAddress: localhost:54526}, javascriptEnabled: true, networkConnectionEnabled: false, pageLoadStrategy: normal, platform: WINDOWS, platformName: WINDOWS, proxy: Proxy(), se:cdp: ws://localhost:54526/devtoo..., se:cdpVersion: 137.0.7151.69, setWindowRect: true, strictFileInteractability: false, timeouts: {implicit: 0, pageLoad: 300000, script: 30000}, unhandledPromptBehavior: dismiss and notify, webauthn:extension:credBlob: true, webauthn:extension:largeBlob: true, webauthn:extension:minPinLength: true, webauthn:extension:prf: true, webauthn:virtualAuthenticators: true}
Session ID: 52873ddd369192fbe30d02a5de7e55ee
at org.testng.Assert.fail(Assert.java:99)
at pageObjects.VHubMySubscriptions.clickOnseriveUpRequestProduction(VHubMySubscriptions.java:494)
at stepDefinitions.VHubMySubscriptionsSD.the_user_applies_the_service_up_filter_and_submits_a_request_for_production(VHubMySubscriptionsSD.java:58)
at ✽.the user applies the Service Up filter and submits a Request for Production(file:///C:/Users/Akshay%20rajput/Downloads/CucumberFramework/CucumberFramework/src/test/java/features/VHubMySubscriptions.feature:21)
]]>
            </full-stacktrace>
          </exception> <!-- java.lang.AssertionError -->
          <reporter-output>
          </reporter-output>
        </test-method> <!-- runScenario -->
        <test-method signature="runScenario(io.cucumber.testng.PickleWrapper,io.cucumber.testng.FeatureWrapper)[pri:0, instance:cucumberOptions.TestNGTestRunner@36fc695d]" started-at="2025-08-01T11:48:17 IST" name="runScenario" data-provider="scenarios" finished-at="2025-08-01T11:48:37 IST" duration-ms="20136" status="PASS">
          <params>
            <param index="0">
              <value>
                <![CDATA["Submit Request Unsubscribe for Live Status - Service Up"]]>
              </value>
            </param>
            <param index="1">
              <value>
                <![CDATA["Optional[Verify My Subscription functionality]"]]>
              </value>
            </param>
          </params>
          <reporter-output>
          </reporter-output>
        </test-method> <!-- runScenario -->
        <test-method signature="runScenario(io.cucumber.testng.PickleWrapper,io.cucumber.testng.FeatureWrapper)[pri:0, instance:cucumberOptions.TestNGTestRunner@36fc695d]" started-at="2025-08-01T11:48:37 IST" name="runScenario" data-provider="scenarios" finished-at="2025-08-01T11:48:52 IST" duration-ms="14965" status="PASS">
          <params>
            <param index="0">
              <value>
                <![CDATA["View details for Live Status - Service Down"]]>
              </value>
            </param>
            <param index="1">
              <value>
                <![CDATA["Optional[Verify My Subscription functionality]"]]>
              </value>
            </param>
          </params>
          <reporter-output>
          </reporter-output>
        </test-method> <!-- runScenario -->
        <test-method signature="runScenario(io.cucumber.testng.PickleWrapper,io.cucumber.testng.FeatureWrapper)[pri:0, instance:cucumberOptions.TestNGTestRunner@36fc695d]" started-at="2025-08-01T11:48:52 IST" name="runScenario" data-provider="scenarios" finished-at="2025-08-01T11:49:17 IST" duration-ms="24830" status="PASS">
          <params>
            <param index="0">
              <value>
                <![CDATA["Submit Request Support for Live Status - Service Down"]]>
              </value>
            </param>
            <param index="1">
              <value>
                <![CDATA["Optional[Verify My Subscription functionality]"]]>
              </value>
            </param>
          </params>
          <reporter-output>
          </reporter-output>
        </test-method> <!-- runScenario -->
        <test-method signature="runScenario(io.cucumber.testng.PickleWrapper,io.cucumber.testng.FeatureWrapper)[pri:0, instance:cucumberOptions.TestNGTestRunner@36fc695d]" started-at="2025-08-01T11:49:17 IST" name="runScenario" data-provider="scenarios" finished-at="2025-08-01T11:49:38 IST" duration-ms="20699" status="FAIL">
          <params>
            <param index="0">
              <value>
                <![CDATA["Submit Request Production for Live Status - Service Down"]]>
              </value>
            </param>
            <param index="1">
              <value>
                <![CDATA["Optional[Verify My Subscription functionality]"]]>
              </value>
            </param>
          </params>
          <exception class="java.lang.AssertionError">
            <message>
              <![CDATA[Exception occurred while processing Explore Assets or Live Status logic: Expected condition failed: waiting for visibility of element located by By.xpath: //div[@class='popup-header']/h5[normalize-space()='Request Submitted'] (tried for 5 second(s) with 500 milliseconds interval)
Build info: version: '4.1.1', revision: 'e8fcc2cecf'
System info: host: 'DEC1128', ip: '192.168.1.23', os.name: 'Windows 10', os.arch: 'amd64', os.version: '10.0', java.version: '17.0.14'
Driver info: org.openqa.selenium.chrome.ChromeDriver
Capabilities {acceptInsecureCerts: false, browserName: chrome, browserVersion: 137.0.7151.69, chrome: {chromedriverVersion: 137.0.7151.68 (2989ffee9373..., userDataDir: C:\Users\AKSHAY~1\AppData\L...}, fedcm:accounts: true, goog:chromeOptions: {debuggerAddress: localhost:54831}, javascriptEnabled: true, networkConnectionEnabled: false, pageLoadStrategy: normal, platform: WINDOWS, platformName: WINDOWS, proxy: Proxy(), se:cdp: ws://localhost:54831/devtoo..., se:cdpVersion: 137.0.7151.69, setWindowRect: true, strictFileInteractability: false, timeouts: {implicit: 0, pageLoad: 300000, script: 30000}, unhandledPromptBehavior: dismiss and notify, webauthn:extension:credBlob: true, webauthn:extension:largeBlob: true, webauthn:extension:minPinLength: true, webauthn:extension:prf: true, webauthn:virtualAuthenticators: true}
Session ID: be156cd122ce8e1d706e6369c671d780]]>
            </message>
            <full-stacktrace>
              <![CDATA[java.lang.AssertionError: Exception occurred while processing Explore Assets or Live Status logic: Expected condition failed: waiting for visibility of element located by By.xpath: //div[@class='popup-header']/h5[normalize-space()='Request Submitted'] (tried for 5 second(s) with 500 milliseconds interval)
Build info: version: '4.1.1', revision: 'e8fcc2cecf'
System info: host: 'DEC1128', ip: '192.168.1.23', os.name: 'Windows 10', os.arch: 'amd64', os.version: '10.0', java.version: '17.0.14'
Driver info: org.openqa.selenium.chrome.ChromeDriver
Capabilities {acceptInsecureCerts: false, browserName: chrome, browserVersion: 137.0.7151.69, chrome: {chromedriverVersion: 137.0.7151.68 (2989ffee9373..., userDataDir: C:\Users\AKSHAY~1\AppData\L...}, fedcm:accounts: true, goog:chromeOptions: {debuggerAddress: localhost:54831}, javascriptEnabled: true, networkConnectionEnabled: false, pageLoadStrategy: normal, platform: WINDOWS, platformName: WINDOWS, proxy: Proxy(), se:cdp: ws://localhost:54831/devtoo..., se:cdpVersion: 137.0.7151.69, setWindowRect: true, strictFileInteractability: false, timeouts: {implicit: 0, pageLoad: 300000, script: 30000}, unhandledPromptBehavior: dismiss and notify, webauthn:extension:credBlob: true, webauthn:extension:largeBlob: true, webauthn:extension:minPinLength: true, webauthn:extension:prf: true, webauthn:virtualAuthenticators: true}
Session ID: be156cd122ce8e1d706e6369c671d780
at org.testng.Assert.fail(Assert.java:99)
at pageObjects.VHubMySubscriptions.clickOnseriveDownRequestProduction(VHubMySubscriptions.java:844)
at stepDefinitions.VHubMySubscriptionsSD.the_user_applies_the_service_down_filter_and_submits_a_request_for_production(VHubMySubscriptionsSD.java:85)
at ✽.the user applies the Service Down filter and submits a Request for Production(file:///C:/Users/Akshay%20rajput/Downloads/CucumberFramework/CucumberFramework/src/test/java/features/VHubMySubscriptions.feature:42)
]]>
            </full-stacktrace>
          </exception> <!-- java.lang.AssertionError -->
          <reporter-output>
          </reporter-output>
        </test-method> <!-- runScenario -->
        <test-method signature="runScenario(io.cucumber.testng.PickleWrapper,io.cucumber.testng.FeatureWrapper)[pri:0, instance:cucumberOptions.TestNGTestRunner@36fc695d]" started-at="2025-08-01T11:49:38 IST" name="runScenario" data-provider="scenarios" finished-at="2025-08-01T11:49:58 IST" duration-ms="19795" status="PASS">
          <params>
            <param index="0">
              <value>
                <![CDATA["Submit Request Unsubscribe for Live Status - Service Down"]]>
              </value>
            </param>
            <param index="1">
              <value>
                <![CDATA["Optional[Verify My Subscription functionality]"]]>
              </value>
            </param>
          </params>
          <reporter-output>
          </reporter-output>
        </test-method> <!-- runScenario -->
        <test-method signature="runScenario(io.cucumber.testng.PickleWrapper,io.cucumber.testng.FeatureWrapper)[pri:0, instance:cucumberOptions.TestNGTestRunner@36fc695d]" started-at="2025-08-01T11:49:58 IST" name="runScenario" data-provider="scenarios" finished-at="2025-08-01T11:50:13 IST" duration-ms="14816" status="PASS">
          <params>
            <param index="0">
              <value>
                <![CDATA["View details for Live Status - Credit Expired"]]>
              </value>
            </param>
            <param index="1">
              <value>
                <![CDATA["Optional[Verify My Subscription functionality]"]]>
              </value>
            </param>
          </params>
          <reporter-output>
          </reporter-output>
        </test-method> <!-- runScenario -->
        <test-method signature="runScenario(io.cucumber.testng.PickleWrapper,io.cucumber.testng.FeatureWrapper)[pri:0, instance:cucumberOptions.TestNGTestRunner@36fc695d]" started-at="2025-08-01T11:50:13 IST" name="runScenario" data-provider="scenarios" finished-at="2025-08-01T11:50:27 IST" duration-ms="14228" status="PASS">
          <params>
            <param index="0">
              <value>
                <![CDATA["Submit Request Credits for Live Status - Credit Expired"]]>
              </value>
            </param>
            <param index="1">
              <value>
                <![CDATA["Optional[Verify My Subscription functionality]"]]>
              </value>
            </param>
          </params>
          <reporter-output>
          </reporter-output>
        </test-method> <!-- runScenario -->
        <test-method signature="runScenario(io.cucumber.testng.PickleWrapper,io.cucumber.testng.FeatureWrapper)[pri:0, instance:cucumberOptions.TestNGTestRunner@36fc695d]" started-at="2025-08-01T11:50:27 IST" name="runScenario" data-provider="scenarios" finished-at="2025-08-01T11:50:42 IST" duration-ms="15086" status="PASS">
          <params>
            <param index="0">
              <value>
                <![CDATA["Submit Request Support for Live Status - Credit Expired"]]>
              </value>
            </param>
            <param index="1">
              <value>
                <![CDATA["Optional[Verify My Subscription functionality]"]]>
              </value>
            </param>
          </params>
          <reporter-output>
          </reporter-output>
        </test-method> <!-- runScenario -->
        <test-method signature="runScenario(io.cucumber.testng.PickleWrapper,io.cucumber.testng.FeatureWrapper)[pri:0, instance:cucumberOptions.TestNGTestRunner@36fc695d]" started-at="2025-08-01T11:50:42 IST" name="runScenario" data-provider="scenarios" finished-at="2025-08-01T11:50:56 IST" duration-ms="14510" status="PASS">
          <params>
            <param index="0">
              <value>
                <![CDATA["Submit Request Production for Live Status - Credit Expired"]]>
              </value>
            </param>
            <param index="1">
              <value>
                <![CDATA["Optional[Verify My Subscription functionality]"]]>
              </value>
            </param>
          </params>
          <reporter-output>
          </reporter-output>
        </test-method> <!-- runScenario -->
        <test-method signature="runScenario(io.cucumber.testng.PickleWrapper,io.cucumber.testng.FeatureWrapper)[pri:0, instance:cucumberOptions.TestNGTestRunner@36fc695d]" started-at="2025-08-01T11:50:56 IST" name="runScenario" data-provider="scenarios" finished-at="2025-08-01T11:51:11 IST" duration-ms="14422" status="PASS">
          <params>
            <param index="0">
              <value>
                <![CDATA["Submit Request Unsubscribe for Live Status - Credit Expired"]]>
              </value>
            </param>
            <param index="1">
              <value>
                <![CDATA["Optional[Verify My Subscription functionality]"]]>
              </value>
            </param>
          </params>
          <reporter-output>
          </reporter-output>
        </test-method> <!-- runScenario -->
        <test-method signature="runScenario(io.cucumber.testng.PickleWrapper,io.cucumber.testng.FeatureWrapper)[pri:0, instance:cucumberOptions.TestNGTestRunner@36fc695d]" started-at="2025-08-01T11:51:11 IST" name="runScenario" data-provider="scenarios" finished-at="2025-08-01T11:51:25 IST" duration-ms="14282" status="PASS">
          <params>
            <param index="0">
              <value>
                <![CDATA["View details for Live Status - Deprecated"]]>
              </value>
            </param>
            <param index="1">
              <value>
                <![CDATA["Optional[Verify My Subscription functionality]"]]>
              </value>
            </param>
          </params>
          <reporter-output>
          </reporter-output>
        </test-method> <!-- runScenario -->
        <test-method signature="runScenario(io.cucumber.testng.PickleWrapper,io.cucumber.testng.FeatureWrapper)[pri:0, instance:cucumberOptions.TestNGTestRunner@36fc695d]" started-at="2025-08-01T11:51:25 IST" name="runScenario" data-provider="scenarios" finished-at="2025-08-01T11:51:39 IST" duration-ms="14368" status="PASS">
          <params>
            <param index="0">
              <value>
                <![CDATA["Submit Request Support for Live Status - Deprecated"]]>
              </value>
            </param>
            <param index="1">
              <value>
                <![CDATA["Optional[Verify My Subscription functionality]"]]>
              </value>
            </param>
          </params>
          <reporter-output>
          </reporter-output>
        </test-method> <!-- runScenario -->
        <test-method signature="runScenario(io.cucumber.testng.PickleWrapper,io.cucumber.testng.FeatureWrapper)[pri:0, instance:cucumberOptions.TestNGTestRunner@36fc695d]" started-at="2025-08-01T11:51:39 IST" name="runScenario" data-provider="scenarios" finished-at="2025-08-01T11:51:54 IST" duration-ms="14446" status="PASS">
          <params>
            <param index="0">
              <value>
                <![CDATA["Submit Request Unsubscribe for Live Status - Deprecated"]]>
              </value>
            </param>
            <param index="1">
              <value>
                <![CDATA["Optional[Verify My Subscription functionality]"]]>
              </value>
            </param>
          </params>
          <reporter-output>
          </reporter-output>
        </test-method> <!-- runScenario -->
        <test-method is-config="true" signature="tearDownClass()[pri:0, instance:cucumberOptions.TestNGTestRunner@36fc695d]" started-at="2025-08-01T11:51:54 IST" name="tearDownClass" finished-at="2025-08-01T11:51:55 IST" duration-ms="709" status="PASS">
          <reporter-output>
          </reporter-output>
        </test-method> <!-- tearDownClass -->
      </class> <!-- cucumberOptions.TestNGTestRunner -->
    </test> <!-- Default test -->
  </suite> <!-- Default suite -->
</testng-results>
