<?xml version="1.0" encoding="UTF-8"?>
<testng-results ignored="0" total="10" passed="9" failed="1" skipped="0">
  <reporter-output>
  </reporter-output>
  <suite started-at="2025-07-09T11:30:47 IST" name="Default suite" finished-at="2025-07-09T11:34:39 IST" duration-ms="231376">
    <groups>
    </groups>
    <test started-at="2025-07-09T11:30:47 IST" name="Default test" finished-at="2025-07-09T11:34:39 IST" duration-ms="231376">
      <class name="cucumberOptions.TestNGTestRunner">
        <test-method is-config="true" signature="setUpClass(org.testng.ITestContext)[pri:0, instance:cucumberOptions.TestNGTestRunner@36fc695d]" started-at="2025-07-09T11:30:47 IST" name="setUpClass" finished-at="2025-07-09T11:30:49 IST" duration-ms="1815" status="PASS">
          <params>
            <param index="0">
              <value>
                <![CDATA[org.testng.TestRunner@52b53172]]>
              </value>
            </param>
          </params>
          <reporter-output>
          </reporter-output>
        </test-method> <!-- setUpClass -->
        <test-method signature="runScenario(io.cucumber.testng.PickleWrapper,io.cucumber.testng.FeatureWrapper)[pri:0, instance:cucumberOptions.TestNGTestRunner@36fc695d]" started-at="2025-07-09T11:30:49 IST" name="runScenario" data-provider="scenarios" finished-at="2025-07-09T11:31:10 IST" duration-ms="21170" status="PASS">
          <params>
            <param index="0">
              <value>
                <![CDATA["Veirfy Successfully navigate to vBank Landing Page after login"]]>
              </value>
            </param>
            <param index="1">
              <value>
                <![CDATA["Optional[Verify navigate to vBank Landing Page successfully.]"]]>
              </value>
            </param>
          </params>
          <reporter-output>
          </reporter-output>
        </test-method> <!-- runScenario -->
        <test-method signature="runScenario(io.cucumber.testng.PickleWrapper,io.cucumber.testng.FeatureWrapper)[pri:0, instance:cucumberOptions.TestNGTestRunner@36fc695d]" started-at="2025-07-09T11:31:10 IST" name="runScenario" data-provider="scenarios" finished-at="2025-07-09T11:31:38 IST" duration-ms="27863" status="PASS">
          <params>
            <param index="0">
              <value>
                <![CDATA["Verify Fill all required fields and publish the app to Sandbox."]]>
              </value>
            </param>
            <param index="1">
              <value>
                <![CDATA["Optional[Verify Publish app to Sandbox successfully.]"]]>
              </value>
            </param>
          </params>
          <reporter-output>
          </reporter-output>
        </test-method> <!-- runScenario -->
        <test-method signature="runScenario(io.cucumber.testng.PickleWrapper,io.cucumber.testng.FeatureWrapper)[pri:0, instance:cucumberOptions.TestNGTestRunner@36fc695d]" started-at="2025-07-09T11:31:38 IST" name="runScenario" data-provider="scenarios" finished-at="2025-07-09T11:33:19 IST" duration-ms="100581" status="PASS">
          <params>
            <param index="0">
              <value>
                <![CDATA["Verify publishing a sandbox app with all consent languages using Rich HTML text"]]>
              </value>
            </param>
            <param index="1">
              <value>
                <![CDATA["Optional[Verify Publish app to Sandbox successfully.]"]]>
              </value>
            </param>
          </params>
          <reporter-output>
          </reporter-output>
        </test-method> <!-- runScenario -->
        <test-method signature="runScenario(io.cucumber.testng.PickleWrapper,io.cucumber.testng.FeatureWrapper)[pri:0, instance:cucumberOptions.TestNGTestRunner@36fc695d]" started-at="2025-07-09T11:33:19 IST" name="runScenario" data-provider="scenarios" finished-at="2025-07-09T11:33:40 IST" duration-ms="20929" status="FAIL">
          <params>
            <param index="0">
              <value>
                <![CDATA["Successfully navigate to the Runtime environment after login"]]>
              </value>
            </param>
            <param index="1">
              <value>
                <![CDATA["Optional[Verify navigation from Control Plane to Runtime Environment]"]]>
              </value>
            </param>
          </params>
          <exception class="java.lang.AssertionError">
            <message>
              <![CDATA[Incorrect Runtime URL expected [https://decimal-vhub.vahanacloud.xyz/] but found [https://hubengine-cug.vahanacloud.xyz/login]]]>
            </message>
            <full-stacktrace>
              <![CDATA[java.lang.AssertionError: Incorrect Runtime URL expected [https://decimal-vhub.vahanacloud.xyz/] but found [https://hubengine-cug.vahanacloud.xyz/login]
at org.testng.Assert.fail(Assert.java:99)
at org.testng.Assert.failNotEquals(Assert.java:1037)
at org.testng.Assert.assertEqualsImpl(Assert.java:140)
at org.testng.Assert.assertEquals(Assert.java:122)
at org.testng.Assert.assertEquals(Assert.java:629)
at pageObjects.VBankLandingPage.verifyRuntimeUrl(VBankLandingPage.java:50)
at stepDefinitions.VBankRunTimeSD.the_system_should_redirect_the_user_to_the_runtime_environment(VBankRunTimeSD.java:66)
at ✽.the system should redirect the user to the Runtime environment(file:///C:/Users/Akshay%20rajput/Downloads/CucumberFramework/CucumberFramework/src/test/java/features/VBankRunTime.feature:8)
]]>
            </full-stacktrace>
          </exception> <!-- java.lang.AssertionError -->
          <reporter-output>
          </reporter-output>
        </test-method> <!-- runScenario -->
        <test-method signature="runScenario(io.cucumber.testng.PickleWrapper,io.cucumber.testng.FeatureWrapper)[pri:0, instance:cucumberOptions.TestNGTestRunner@36fc695d]" started-at="2025-07-09T11:33:40 IST" name="runScenario" data-provider="scenarios" finished-at="2025-07-09T11:33:48 IST" duration-ms="8647" status="PASS">
          <params>
            <param index="0">
              <value>
                <![CDATA["User navigates through all tabs on the App Asset Detail page"]]>
              </value>
            </param>
            <param index="1">
              <value>
                <![CDATA["Optional[App Asset Detail Page - Tab Navigation]"]]>
              </value>
            </param>
          </params>
          <reporter-output>
          </reporter-output>
        </test-method> <!-- runScenario -->
        <test-method signature="runScenario(io.cucumber.testng.PickleWrapper,io.cucumber.testng.FeatureWrapper)[pri:0, instance:cucumberOptions.TestNGTestRunner@36fc695d]" started-at="2025-07-09T11:33:48 IST" name="runScenario" data-provider="scenarios" finished-at="2025-07-09T11:33:57 IST" duration-ms="9194" status="PASS">
          <params>
            <param index="0">
              <value>
                <![CDATA["Verify Navigate to Top Use Cases from the banner image."]]>
              </value>
            </param>
            <param index="1">
              <value>
                <![CDATA["Optional[Verify Explore Top Use Cases from Banner.]"]]>
              </value>
            </param>
          </params>
          <reporter-output>
          </reporter-output>
        </test-method> <!-- runScenario -->
        <test-method signature="runScenario(io.cucumber.testng.PickleWrapper,io.cucumber.testng.FeatureWrapper)[pri:0, instance:cucumberOptions.TestNGTestRunner@36fc695d]" started-at="2025-07-09T11:33:57 IST" name="runScenario" data-provider="scenarios" finished-at="2025-07-09T11:34:07 IST" duration-ms="9702" status="PASS">
          <params>
            <param index="0">
              <value>
                <![CDATA["Verify Developer Console link opens the Vahana Account page."]]>
              </value>
            </param>
            <param index="1">
              <value>
                <![CDATA["Optional[Verify vHub Header Navigation Links]"]]>
              </value>
            </param>
          </params>
          <reporter-output>
          </reporter-output>
        </test-method> <!-- runScenario -->
        <test-method signature="runScenario(io.cucumber.testng.PickleWrapper,io.cucumber.testng.FeatureWrapper)[pri:0, instance:cucumberOptions.TestNGTestRunner@36fc695d]" started-at="2025-07-09T11:34:07 IST" name="runScenario" data-provider="scenarios" finished-at="2025-07-09T11:34:17 IST" duration-ms="10180" status="PASS">
          <params>
            <param index="0">
              <value>
                <![CDATA["Verify Documentation link opens the Vahana Academy page."]]>
              </value>
            </param>
            <param index="1">
              <value>
                <![CDATA["Optional[Verify vHub Header Navigation Links]"]]>
              </value>
            </param>
          </params>
          <reporter-output>
          </reporter-output>
        </test-method> <!-- runScenario -->
        <test-method signature="runScenario(io.cucumber.testng.PickleWrapper,io.cucumber.testng.FeatureWrapper)[pri:0, instance:cucumberOptions.TestNGTestRunner@36fc695d]" started-at="2025-07-09T11:34:17 IST" name="runScenario" data-provider="scenarios" finished-at="2025-07-09T11:34:30 IST" duration-ms="12189" status="PASS">
          <params>
            <param index="0">
              <value>
                <![CDATA["Verify Vahana Community link opens the Community page."]]>
              </value>
            </param>
            <param index="1">
              <value>
                <![CDATA["Optional[Verify vHub Header Navigation Links]"]]>
              </value>
            </param>
          </params>
          <reporter-output>
          </reporter-output>
        </test-method> <!-- runScenario -->
        <test-method signature="runScenario(io.cucumber.testng.PickleWrapper,io.cucumber.testng.FeatureWrapper)[pri:0, instance:cucumberOptions.TestNGTestRunner@36fc695d]" started-at="2025-07-09T11:34:30 IST" name="runScenario" data-provider="scenarios" finished-at="2025-07-09T11:34:38 IST" duration-ms="8399" status="PASS">
          <params>
            <param index="0">
              <value>
                <![CDATA["Verify Search Experience for Asset type App on home page"]]>
              </value>
            </param>
            <param index="1">
              <value>
                <![CDATA["Optional[Verify navigate to vHub Landing page and search the Asset from search bar.]"]]>
              </value>
            </param>
          </params>
          <reporter-output>
          </reporter-output>
        </test-method> <!-- runScenario -->
        <test-method is-config="true" signature="tearDownClass()[pri:0, instance:cucumberOptions.TestNGTestRunner@36fc695d]" started-at="2025-07-09T11:34:38 IST" name="tearDownClass" finished-at="2025-07-09T11:34:39 IST" duration-ms="645" status="PASS">
          <reporter-output>
          </reporter-output>
        </test-method> <!-- tearDownClass -->
      </class> <!-- cucumberOptions.TestNGTestRunner -->
    </test> <!-- Default test -->
  </suite> <!-- Default suite -->
</testng-results>
